<?xml version="1.0" ?>
<coverage version="7.12.0" timestamp="1763887064835" lines-valid="5026" lines-covered="242" line-rate="0.04815" branches-valid="1580" branches-covered="3" branch-rate="0.001899" complexity="0">
	<!-- Generated by coverage.py: https://coverage.readthedocs.io/en/7.12.0 -->
	<!-- Based on https://raw.githubusercontent.com/cobertura/web/master/htdocs/xml/coverage-04.dtd -->
	<sources>
		<source>/Users/hasheerama/SWM Project</source>
	</sources>
	<packages>
		<package name="." line-rate="0" branch-rate="0" complexity="0">
			<classes>
				<class name="api.py" filename="api.py" complexity="0" line-rate="0" branch-rate="0">
					<methods/>
					<lines>
						<line number="14" hits="0"/>
						<line number="15" hits="0"/>
						<line number="16" hits="0"/>
						<line number="17" hits="0"/>
						<line number="18" hits="0"/>
						<line number="19" hits="0"/>
						<line number="20" hits="0"/>
						<line number="21" hits="0"/>
						<line number="23" hits="0"/>
						<line number="24" hits="0"/>
						<line number="25" hits="0"/>
						<line number="26" hits="0"/>
						<line number="27" hits="0"/>
						<line number="28" hits="0"/>
						<line number="29" hits="0"/>
						<line number="30" hits="0"/>
						<line number="32" hits="0"/>
						<line number="33" hits="0"/>
						<line number="34" hits="0"/>
						<line number="37" hits="0"/>
						<line number="38" hits="0"/>
						<line number="45" hits="0"/>
						<line number="53" hits="0"/>
						<line number="56" hits="0"/>
						<line number="65" hits="0"/>
						<line number="68" hits="0"/>
						<line number="71" hits="0"/>
						<line number="74" hits="0"/>
						<line number="82" hits="0"/>
						<line number="85" hits="0"/>
						<line number="86" hits="0"/>
						<line number="87" hits="0"/>
						<line number="89" hits="0"/>
						<line number="100" hits="0"/>
						<line number="103" hits="0"/>
						<line number="104" hits="0"/>
						<line number="105" hits="0"/>
						<line number="107" hits="0"/>
						<line number="118" hits="0"/>
						<line number="121" hits="0"/>
						<line number="122" hits="0"/>
						<line number="124" hits="0"/>
						<line number="129" hits="0"/>
						<line number="132" hits="0"/>
						<line number="136" hits="0"/>
						<line number="149" hits="0"/>
						<line number="152" hits="0"/>
						<line number="153" hits="0"/>
						<line number="154" hits="0"/>
						<line number="155" hits="0"/>
						<line number="158" hits="0"/>
						<line number="161" hits="0"/>
						<line number="162" hits="0"/>
						<line number="170" hits="0"/>
						<line number="173" hits="0"/>
						<line number="176" hits="0"/>
						<line number="179" hits="0"/>
						<line number="182" hits="0"/>
						<line number="183" hits="0"/>
						<line number="184" hits="0"/>
						<line number="185" hits="0"/>
						<line number="193" hits="0"/>
						<line number="194" hits="0"/>
						<line number="199" hits="0"/>
						<line number="201" hits="0"/>
						<line number="202" hits="0"/>
						<line number="203" hits="0"/>
						<line number="206" hits="0"/>
						<line number="207" hits="0"/>
						<line number="209" hits="0"/>
						<line number="210" hits="0"/>
						<line number="211" hits="0"/>
						<line number="213" hits="0"/>
						<line number="216" hits="0"/>
						<line number="217" hits="0" branch="true" condition-coverage="0% (0/2)" missing-branches="exit,218"/>
						<line number="218" hits="0"/>
						<line number="219" hits="0"/>
						<line number="226" hits="0"/>
						<line number="234" hits="0"/>
						<line number="235" hits="0"/>
						<line number="239" hits="0"/>
						<line number="240" hits="0"/>
						<line number="242" hits="0" branch="true" condition-coverage="0% (0/2)" missing-branches="243,253"/>
						<line number="243" hits="0"/>
						<line number="253" hits="0"/>
						<line number="257" hits="0"/>
						<line number="258" hits="0"/>
						<line number="260" hits="0"/>
						<line number="261" hits="0" branch="true" condition-coverage="0% (0/2)" missing-branches="262,277"/>
						<line number="262" hits="0"/>
						<line number="263" hits="0" branch="true" condition-coverage="0% (0/2)" missing-branches="264,277"/>
						<line number="264" hits="0"/>
						<line number="270" hits="0"/>
						<line number="277" hits="0"/>
						<line number="278" hits="0"/>
						<line number="282" hits="0"/>
						<line number="286" hits="0"/>
						<line number="287" hits="0"/>
						<line number="289" hits="0"/>
						<line number="292" hits="0"/>
						<line number="297" hits="0"/>
						<line number="308" hits="0"/>
						<line number="311" hits="0"/>
						<line number="314" hits="0"/>
						<line number="317" hits="0"/>
						<line number="320" hits="0"/>
						<line number="323" hits="0"/>
						<line number="327" hits="0"/>
						<line number="331" hits="0"/>
						<line number="347" hits="0"/>
						<line number="348" hits="0"/>
						<line number="350" hits="0"/>
						<line number="351" hits="0"/>
						<line number="365" hits="0"/>
						<line number="366" hits="0"/>
						<line number="368" hits="0" branch="true" condition-coverage="0% (0/2)" missing-branches="369,372"/>
						<line number="369" hits="0"/>
						<line number="370" hits="0"/>
						<line number="372" hits="0"/>
						<line number="374" hits="0"/>
						<line number="376" hits="0"/>
						<line number="392" hits="0"/>
						<line number="393" hits="0"/>
						<line number="395" hits="0"/>
						<line number="396" hits="0"/>
						<line number="397" hits="0"/>
						<line number="398" hits="0"/>
						<line number="401" hits="0"/>
						<line number="402" hits="0"/>
						<line number="408" hits="0"/>
						<line number="411" hits="0"/>
						<line number="412" hits="0"/>
						<line number="419" hits="0"/>
						<line number="431" hits="0" branch="true" condition-coverage="0% (0/2)" missing-branches="432,437"/>
						<line number="432" hits="0"/>
						<line number="433" hits="0"/>
						<line number="434" hits="0"/>
						<line number="435" hits="0"/>
						<line number="437" hits="0"/>
						<line number="438" hits="0"/>
						<line number="446" hits="0"/>
						<line number="447" hits="0"/>
						<line number="455" hits="0" branch="true" condition-coverage="0% (0/2)" missing-branches="456,458"/>
						<line number="456" hits="0"/>
						<line number="458" hits="0"/>
						<line number="459" hits="0"/>
						<line number="461" hits="0"/>
						<line number="462" hits="0"/>
						<line number="463" hits="0"/>
						<line number="464" hits="0"/>
						<line number="465" hits="0"/>
						<line number="468" hits="0"/>
						<line number="469" hits="0"/>
						<line number="470" hits="0"/>
						<line number="473" hits="0"/>
						<line number="474" hits="0"/>
						<line number="475" hits="0"/>
						<line number="476" hits="0"/>
						<line number="477" hits="0"/>
						<line number="480" hits="0"/>
						<line number="481" hits="0"/>
						<line number="482" hits="0"/>
						<line number="483" hits="0"/>
						<line number="484" hits="0"/>
						<line number="487" hits="0"/>
						<line number="488" hits="0"/>
						<line number="489" hits="0"/>
						<line number="492" hits="0"/>
						<line number="493" hits="0"/>
						<line number="496" hits="0"/>
						<line number="497" hits="0"/>
						<line number="498" hits="0"/>
						<line number="499" hits="0"/>
						<line number="502" hits="0"/>
						<line number="503" hits="0"/>
						<line number="505" hits="0"/>
						<line number="514" hits="0"/>
						<line number="515" hits="0"/>
						<line number="525" hits="0"/>
						<line number="526" hits="0"/>
						<line number="529" hits="0"/>
						<line number="531" hits="0"/>
						<line number="532" hits="0" branch="true" condition-coverage="0% (0/2)" missing-branches="533,534"/>
						<line number="533" hits="0"/>
						<line number="534" hits="0" branch="true" condition-coverage="0% (0/2)" missing-branches="535,536"/>
						<line number="535" hits="0"/>
						<line number="536" hits="0" branch="true" condition-coverage="0% (0/2)" missing-branches="537,538"/>
						<line number="537" hits="0"/>
						<line number="538" hits="0" branch="true" condition-coverage="0% (0/2)" missing-branches="539,540"/>
						<line number="539" hits="0"/>
						<line number="540" hits="0" branch="true" condition-coverage="0% (0/2)" missing-branches="541,542"/>
						<line number="541" hits="0"/>
						<line number="542" hits="0" branch="true" condition-coverage="0% (0/2)" missing-branches="543,544"/>
						<line number="543" hits="0"/>
						<line number="544" hits="0" branch="true" condition-coverage="0% (0/2)" missing-branches="545,546"/>
						<line number="545" hits="0"/>
						<line number="546" hits="0"/>
						<line number="549" hits="0"/>
						<line number="550" hits="0"/>
						<line number="553" hits="0" branch="true" condition-coverage="0% (0/2)" missing-branches="554,556"/>
						<line number="554" hits="0"/>
						<line number="556" hits="0"/>
						<line number="557" hits="0"/>
						<line number="559" hits="0" branch="true" condition-coverage="0% (0/2)" missing-branches="560,564"/>
						<line number="560" hits="0"/>
						<line number="561" hits="0"/>
						<line number="564" hits="0"/>
						<line number="565" hits="0"/>
						<line number="568" hits="0"/>
						<line number="574" hits="0"/>
						<line number="575" hits="0"/>
						<line number="578" hits="0"/>
						<line number="579" hits="0"/>
						<line number="581" hits="0" branch="true" condition-coverage="0% (0/2)" missing-branches="582,583"/>
						<line number="582" hits="0"/>
						<line number="583" hits="0"/>
						<line number="584" hits="0"/>
						<line number="587" hits="0"/>
						<line number="588" hits="0"/>
						<line number="591" hits="0" branch="true" condition-coverage="0% (0/2)" missing-branches="592,593"/>
						<line number="592" hits="0"/>
						<line number="593" hits="0"/>
						<line number="594" hits="0"/>
						<line number="595" hits="0"/>
						<line number="596" hits="0"/>
						<line number="597" hits="0"/>
						<line number="598" hits="0"/>
						<line number="599" hits="0"/>
						<line number="601" hits="0"/>
						<line number="604" hits="0"/>
						<line number="605" hits="0"/>
						<line number="607" hits="0" branch="true" condition-coverage="0% (0/2)" missing-branches="608,609"/>
						<line number="608" hits="0"/>
						<line number="609" hits="0"/>
						<line number="610" hits="0"/>
						<line number="611" hits="0"/>
						<line number="612" hits="0"/>
						<line number="613" hits="0"/>
						<line number="614" hits="0"/>
						<line number="615" hits="0"/>
						<line number="616" hits="0"/>
						<line number="619" hits="0"/>
						<line number="620" hits="0"/>
						<line number="624" hits="0" branch="true" condition-coverage="0% (0/2)" missing-branches="625,629"/>
						<line number="625" hits="0"/>
						<line number="629" hits="0"/>
						<line number="631" hits="0" branch="true" condition-coverage="0% (0/2)" missing-branches="632,634"/>
						<line number="632" hits="0"/>
						<line number="633" hits="0"/>
						<line number="634" hits="0"/>
						<line number="635" hits="0"/>
						<line number="636" hits="0"/>
						<line number="644" hits="0"/>
						<line number="645" hits="0"/>
						<line number="647" hits="0"/>
						<line number="659" hits="0"/>
						<line number="660" hits="0"/>
						<line number="661" hits="0"/>
						<line number="678" hits="0"/>
						<line number="680" hits="0" branch="true" condition-coverage="0% (0/2)" missing-branches="681,685"/>
						<line number="681" hits="0"/>
						<line number="682" hits="0"/>
						<line number="685" hits="0"/>
						<line number="692" hits="0"/>
						<line number="694" hits="0"/>
						<line number="695" hits="0" branch="true" condition-coverage="0% (0/2)" missing-branches="696,701"/>
						<line number="696" hits="0"/>
						<line number="697" hits="0"/>
						<line number="698" hits="0"/>
						<line number="699" hits="0"/>
						<line number="701" hits="0"/>
						<line number="704" hits="0"/>
						<line number="711" hits="0" branch="true" condition-coverage="0% (0/2)" missing-branches="712,714"/>
						<line number="712" hits="0"/>
						<line number="714" hits="0"/>
						<line number="715" hits="0"/>
						<line number="721" hits="0"/>
						<line number="723" hits="0"/>
						<line number="725" hits="0"/>
						<line number="726" hits="0"/>
						<line number="727" hits="0"/>
						<line number="734" hits="0"/>
						<line number="736" hits="0"/>
						<line number="737" hits="0"/>
						<line number="740" hits="0"/>
						<line number="741" hits="0"/>
						<line number="743" hits="0" branch="true" condition-coverage="0% (0/2)" missing-branches="744,746"/>
						<line number="744" hits="0"/>
						<line number="746" hits="0"/>
						<line number="747" hits="0"/>
						<line number="748" hits="0"/>
						<line number="749" hits="0"/>
						<line number="750" hits="0"/>
						<line number="753" hits="0"/>
						<line number="754" hits="0"/>
						<line number="758" hits="0" branch="true" condition-coverage="0% (0/2)" missing-branches="759,761"/>
						<line number="759" hits="0"/>
						<line number="761" hits="0"/>
						<line number="762" hits="0"/>
						<line number="763" hits="0"/>
						<line number="764" hits="0"/>
						<line number="765" hits="0"/>
						<line number="773" hits="0"/>
						<line number="774" hits="0"/>
						<line number="780" hits="0" branch="true" condition-coverage="0% (0/2)" missing-branches="781,783"/>
						<line number="781" hits="0"/>
						<line number="783" hits="0"/>
						<line number="784" hits="0"/>
						<line number="787" hits="0"/>
						<line number="788" hits="0"/>
						<line number="789" hits="0"/>
						<line number="792" hits="0"/>
						<line number="793" hits="0"/>
						<line number="803" hits="0" branch="true" condition-coverage="0% (0/2)" missing-branches="804,806"/>
						<line number="804" hits="0"/>
						<line number="806" hits="0"/>
						<line number="807" hits="0"/>
						<line number="810" hits="0"/>
						<line number="811" hits="0"/>
						<line number="812" hits="0"/>
						<line number="815" hits="0"/>
						<line number="816" hits="0"/>
						<line number="821" hits="0" branch="true" condition-coverage="0% (0/2)" missing-branches="822,824"/>
						<line number="822" hits="0"/>
						<line number="824" hits="0"/>
						<line number="825" hits="0"/>
						<line number="828" hits="0"/>
						<line number="829" hits="0"/>
						<line number="830" hits="0"/>
						<line number="840" hits="0"/>
						<line number="841" hits="0"/>
						<line number="846" hits="0" branch="true" condition-coverage="0% (0/2)" missing-branches="847,849"/>
						<line number="847" hits="0"/>
						<line number="849" hits="0"/>
						<line number="850" hits="0"/>
						<line number="852" hits="0" branch="true" condition-coverage="0% (0/2)" missing-branches="853,855"/>
						<line number="853" hits="0"/>
						<line number="855" hits="0" branch="true" condition-coverage="0% (0/2)" missing-branches="856,859"/>
						<line number="856" hits="0"/>
						<line number="857" hits="0"/>
						<line number="859" hits="0"/>
						<line number="860" hits="0"/>
						<line number="861" hits="0"/>
						<line number="862" hits="0"/>
						<line number="863" hits="0"/>
						<line number="866" hits="0"/>
						<line number="867" hits="0"/>
						<line number="872" hits="0" branch="true" condition-coverage="0% (0/2)" missing-branches="873,875"/>
						<line number="873" hits="0"/>
						<line number="875" hits="0"/>
						<line number="876" hits="0"/>
						<line number="880" hits="0" branch="true" condition-coverage="0% (0/2)" missing-branches="881,885"/>
						<line number="881" hits="0"/>
						<line number="885" hits="0"/>
						<line number="886" hits="0"/>
						<line number="887" hits="0"/>
						<line number="888" hits="0"/>
						<line number="889" hits="0"/>
						<line number="892" hits="0"/>
						<line number="893" hits="0"/>
						<line number="895" hits="0" branch="true" condition-coverage="0% (0/2)" missing-branches="896,898"/>
						<line number="896" hits="0"/>
						<line number="898" hits="0"/>
						<line number="899" hits="0"/>
						<line number="902" hits="0"/>
						<line number="903" hits="0"/>
						<line number="904" hits="0"/>
						<line number="907" hits="0"/>
						<line number="908" hits="0"/>
						<line number="910" hits="0" branch="true" condition-coverage="0% (0/2)" missing-branches="911,913"/>
						<line number="911" hits="0"/>
						<line number="913" hits="0"/>
						<line number="914" hits="0"/>
						<line number="916" hits="0" branch="true" condition-coverage="0% (0/2)" missing-branches="917,919"/>
						<line number="917" hits="0"/>
						<line number="919" hits="0"/>
						<line number="920" hits="0"/>
						<line number="921" hits="0"/>
						<line number="922" hits="0"/>
						<line number="923" hits="0"/>
						<line number="931" hits="0"/>
						<line number="932" hits="0"/>
						<line number="934" hits="0" branch="true" condition-coverage="0% (0/2)" missing-branches="935,937"/>
						<line number="935" hits="0"/>
						<line number="937" hits="0"/>
						<line number="938" hits="0"/>
						<line number="940" hits="0" branch="true" condition-coverage="0% (0/2)" missing-branches="941,945"/>
						<line number="941" hits="0"/>
						<line number="945" hits="0"/>
						<line number="946" hits="0"/>
						<line number="947" hits="0"/>
						<line number="948" hits="0"/>
						<line number="949" hits="0"/>
						<line number="952" hits="0"/>
						<line number="953" hits="0"/>
						<line number="955" hits="0" branch="true" condition-coverage="0% (0/2)" missing-branches="956,958"/>
						<line number="956" hits="0"/>
						<line number="958" hits="0"/>
						<line number="959" hits="0"/>
						<line number="960" hits="0"/>
						<line number="961" hits="0"/>
						<line number="962" hits="0"/>
						<line number="967" hits="0"/>
						<line number="968" hits="0"/>
						<line number="970" hits="0" branch="true" condition-coverage="0% (0/2)" missing-branches="971,973"/>
						<line number="971" hits="0"/>
						<line number="973" hits="0"/>
						<line number="974" hits="0"/>
						<line number="975" hits="0"/>
						<line number="976" hits="0"/>
						<line number="977" hits="0"/>
						<line number="982" hits="0"/>
						<line number="983" hits="0"/>
						<line number="985" hits="0" branch="true" condition-coverage="0% (0/2)" missing-branches="986,988"/>
						<line number="986" hits="0"/>
						<line number="988" hits="0"/>
						<line number="989" hits="0"/>
						<line number="991" hits="0" branch="true" condition-coverage="0% (0/2)" missing-branches="992,996"/>
						<line number="992" hits="0"/>
						<line number="996" hits="0"/>
						<line number="997" hits="0"/>
						<line number="998" hits="0"/>
						<line number="999" hits="0"/>
						<line number="1000" hits="0"/>
						<line number="1010" hits="0"/>
						<line number="1011" hits="0"/>
						<line number="1013" hits="0" branch="true" condition-coverage="0% (0/2)" missing-branches="1014,1016"/>
						<line number="1014" hits="0"/>
						<line number="1016" hits="0"/>
						<line number="1017" hits="0"/>
						<line number="1019" hits="0" branch="true" condition-coverage="0% (0/2)" missing-branches="1020,1024"/>
						<line number="1020" hits="0"/>
						<line number="1024" hits="0"/>
						<line number="1025" hits="0"/>
						<line number="1026" hits="0"/>
						<line number="1027" hits="0"/>
						<line number="1028" hits="0"/>
						<line number="1033" hits="0"/>
						<line number="1034" hits="0"/>
						<line number="1036" hits="0" branch="true" condition-coverage="0% (0/2)" missing-branches="1037,1039"/>
						<line number="1037" hits="0"/>
						<line number="1039" hits="0"/>
						<line number="1040" hits="0"/>
						<line number="1041" hits="0"/>
						<line number="1042" hits="0"/>
						<line number="1043" hits="0"/>
						<line number="1053" hits="0"/>
						<line number="1054" hits="0"/>
						<line number="1056" hits="0" branch="true" condition-coverage="0% (0/2)" missing-branches="1057,1059"/>
						<line number="1057" hits="0"/>
						<line number="1059" hits="0"/>
						<line number="1060" hits="0"/>
						<line number="1062" hits="0" branch="true" condition-coverage="0% (0/2)" missing-branches="1063,1067"/>
						<line number="1063" hits="0"/>
						<line number="1067" hits="0"/>
						<line number="1068" hits="0"/>
						<line number="1069" hits="0"/>
						<line number="1070" hits="0"/>
						<line number="1071" hits="0"/>
						<line number="1079" hits="0"/>
						<line number="1080" hits="0"/>
						<line number="1084" hits="0" branch="true" condition-coverage="0% (0/2)" missing-branches="1085,1087"/>
						<line number="1085" hits="0"/>
						<line number="1087" hits="0"/>
						<line number="1088" hits="0"/>
						<line number="1090" hits="0" branch="true" condition-coverage="0% (0/2)" missing-branches="1091,1093"/>
						<line number="1091" hits="0"/>
						<line number="1093" hits="0"/>
						<line number="1094" hits="0"/>
						<line number="1095" hits="0"/>
						<line number="1096" hits="0"/>
						<line number="1097" hits="0"/>
						<line number="1102" hits="0"/>
						<line number="1103" hits="0"/>
						<line number="1109" hits="0" branch="true" condition-coverage="0% (0/2)" missing-branches="1110,1112"/>
						<line number="1110" hits="0"/>
						<line number="1112" hits="0"/>
						<line number="1113" hits="0"/>
						<line number="1117" hits="0" branch="true" condition-coverage="0% (0/2)" missing-branches="1118,1123"/>
						<line number="1118" hits="0"/>
						<line number="1123" hits="0"/>
						<line number="1129" hits="0"/>
						<line number="1130" hits="0"/>
						<line number="1140" hits="0"/>
						<line number="1141" hits="0"/>
						<line number="1143" hits="0" branch="true" condition-coverage="0% (0/2)" missing-branches="1144,1146"/>
						<line number="1144" hits="0"/>
						<line number="1146" hits="0"/>
						<line number="1147" hits="0"/>
						<line number="1148" hits="0"/>
						<line number="1149" hits="0"/>
						<line number="1150" hits="0"/>
						<line number="1155" hits="0"/>
						<line number="1156" hits="0"/>
						<line number="1158" hits="0" branch="true" condition-coverage="0% (0/2)" missing-branches="1159,1161"/>
						<line number="1159" hits="0"/>
						<line number="1161" hits="0"/>
						<line number="1162" hits="0"/>
						<line number="1164" hits="0" branch="true" condition-coverage="0% (0/2)" missing-branches="1165,1169"/>
						<line number="1165" hits="0"/>
						<line number="1169" hits="0"/>
						<line number="1170" hits="0"/>
						<line number="1171" hits="0"/>
						<line number="1172" hits="0"/>
						<line number="1173" hits="0"/>
						<line number="1183" hits="0"/>
						<line number="1184" hits="0"/>
						<line number="1186" hits="0" branch="true" condition-coverage="0% (0/2)" missing-branches="1187,1189"/>
						<line number="1187" hits="0"/>
						<line number="1189" hits="0"/>
						<line number="1190" hits="0"/>
						<line number="1191" hits="0"/>
						<line number="1192" hits="0"/>
						<line number="1193" hits="0"/>
						<line number="1198" hits="0"/>
						<line number="1199" hits="0"/>
						<line number="1201" hits="0" branch="true" condition-coverage="0% (0/2)" missing-branches="1202,1204"/>
						<line number="1202" hits="0"/>
						<line number="1204" hits="0"/>
						<line number="1205" hits="0"/>
						<line number="1206" hits="0"/>
						<line number="1207" hits="0"/>
						<line number="1208" hits="0"/>
						<line number="1211" hits="0"/>
						<line number="1212" hits="0"/>
						<line number="1214" hits="0" branch="true" condition-coverage="0% (0/2)" missing-branches="1215,1217"/>
						<line number="1215" hits="0"/>
						<line number="1217" hits="0"/>
						<line number="1218" hits="0"/>
						<line number="1219" hits="0"/>
						<line number="1220" hits="0"/>
						<line number="1221" hits="0"/>
						<line number="1226" hits="0"/>
						<line number="1227" hits="0"/>
						<line number="1229" hits="0" branch="true" condition-coverage="0% (0/2)" missing-branches="1230,1232"/>
						<line number="1230" hits="0"/>
						<line number="1232" hits="0"/>
						<line number="1233" hits="0"/>
						<line number="1234" hits="0"/>
						<line number="1235" hits="0"/>
						<line number="1236" hits="0"/>
						<line number="1239" hits="0"/>
						<line number="1240" hits="0"/>
						<line number="1255" hits="0" branch="true" condition-coverage="0% (0/2)" missing-branches="1256,1258"/>
						<line number="1256" hits="0"/>
						<line number="1258" hits="0"/>
						<line number="1259" hits="0"/>
						<line number="1262" hits="0"/>
						<line number="1263" hits="0"/>
						<line number="1264" hits="0"/>
						<line number="1265" hits="0"/>
						<line number="1271" hits="0"/>
						<line number="1272" hits="0"/>
						<line number="1280" hits="0" branch="true" condition-coverage="0% (0/2)" missing-branches="1281,1283"/>
						<line number="1281" hits="0"/>
						<line number="1283" hits="0"/>
						<line number="1284" hits="0"/>
						<line number="1285" hits="0" branch="true" condition-coverage="0% (0/2)" missing-branches="1286,1289"/>
						<line number="1286" hits="0"/>
						<line number="1289" hits="0"/>
						<line number="1290" hits="0"/>
						<line number="1291" hits="0"/>
						<line number="1292" hits="0"/>
						<line number="1293" hits="0"/>
						<line number="1294" hits="0"/>
						<line number="1300" hits="0"/>
						<line number="1301" hits="0"/>
						<line number="1305" hits="0" branch="true" condition-coverage="0% (0/2)" missing-branches="1306,1308"/>
						<line number="1306" hits="0"/>
						<line number="1308" hits="0"/>
						<line number="1309" hits="0"/>
						<line number="1311" hits="0"/>
						<line number="1312" hits="0"/>
						<line number="1313" hits="0"/>
						<line number="1315" hits="0"/>
						<line number="1316" hits="0" branch="true" condition-coverage="0% (0/2)" missing-branches="1317,1319"/>
						<line number="1317" hits="0"/>
						<line number="1319" hits="0"/>
						<line number="1322" hits="0"/>
						<line number="1324" hits="0" branch="true" condition-coverage="0% (0/2)" missing-branches="1325,1327"/>
						<line number="1325" hits="0"/>
						<line number="1327" hits="0" branch="true" condition-coverage="0% (0/2)" missing-branches="1328,1330"/>
						<line number="1328" hits="0"/>
						<line number="1330" hits="0" branch="true" condition-coverage="0% (0/2)" missing-branches="1331,1333"/>
						<line number="1331" hits="0"/>
						<line number="1333" hits="0" branch="true" condition-coverage="0% (0/2)" missing-branches="1334,1336"/>
						<line number="1334" hits="0"/>
						<line number="1336" hits="0" branch="true" condition-coverage="0% (0/2)" missing-branches="1337,1339"/>
						<line number="1337" hits="0"/>
						<line number="1339" hits="0" branch="true" condition-coverage="0% (0/2)" missing-branches="1340,1342"/>
						<line number="1340" hits="0"/>
						<line number="1342" hits="0" branch="true" condition-coverage="0% (0/2)" missing-branches="1343,1345"/>
						<line number="1343" hits="0"/>
						<line number="1345" hits="0" branch="true" condition-coverage="0% (0/2)" missing-branches="1346,1350"/>
						<line number="1346" hits="0"/>
						<line number="1347" hits="0" branch="true" condition-coverage="0% (0/2)" missing-branches="1348,1350"/>
						<line number="1348" hits="0"/>
						<line number="1350" hits="0" branch="true" condition-coverage="0% (0/2)" missing-branches="1351,1365"/>
						<line number="1351" hits="0"/>
						<line number="1352" hits="0"/>
						<line number="1355" hits="0" branch="true" condition-coverage="0% (0/2)" missing-branches="1356,1365"/>
						<line number="1356" hits="0"/>
						<line number="1357" hits="0" branch="true" condition-coverage="0% (0/2)" missing-branches="1358,1359"/>
						<line number="1358" hits="0"/>
						<line number="1359" hits="0" branch="true" condition-coverage="0% (0/2)" missing-branches="1360,1363"/>
						<line number="1360" hits="0"/>
						<line number="1363" hits="0"/>
						<line number="1365" hits="0" branch="true" condition-coverage="0% (0/2)" missing-branches="1366,1375"/>
						<line number="1366" hits="0"/>
						<line number="1367" hits="0"/>
						<line number="1370" hits="0" branch="true" condition-coverage="0% (0/2)" missing-branches="1371,1375"/>
						<line number="1371" hits="0"/>
						<line number="1375" hits="0" branch="true" condition-coverage="0% (0/2)" missing-branches="1376,1383"/>
						<line number="1376" hits="0"/>
						<line number="1377" hits="0"/>
						<line number="1378" hits="0" branch="true" condition-coverage="0% (0/2)" missing-branches="1379,1383"/>
						<line number="1379" hits="0"/>
						<line number="1383" hits="0" branch="true" condition-coverage="0% (0/2)" missing-branches="1384,1387"/>
						<line number="1384" hits="0"/>
						<line number="1385" hits="0"/>
						<line number="1387" hits="0"/>
						<line number="1389" hits="0"/>
						<line number="1422" hits="0"/>
						<line number="1423" hits="0"/>
						<line number="1425" hits="0"/>
						<line number="1430" hits="0"/>
						<line number="1431" hits="0"/>
						<line number="1432" hits="0"/>
						<line number="1443" hits="0"/>
						<line number="1444" hits="0"/>
						<line number="1452" hits="0"/>
						<line number="1453" hits="0"/>
						<line number="1455" hits="0"/>
						<line number="1456" hits="0"/>
						<line number="1461" hits="0"/>
						<line number="1462" hits="0"/>
						<line number="1463" hits="0"/>
						<line number="1467" hits="0"/>
						<line number="1468" hits="0"/>
						<line number="1469" hits="0"/>
						<line number="1470" hits="0"/>
						<line number="1471" hits="0"/>
						<line number="1477" hits="0"/>
						<line number="1478" hits="0"/>
						<line number="1482" hits="0" branch="true" condition-coverage="0% (0/2)" missing-branches="1483,1485"/>
						<line number="1483" hits="0"/>
						<line number="1485" hits="0"/>
						<line number="1487" hits="0"/>
						<line number="1490" hits="0"/>
						<line number="1491" hits="0"/>
						<line number="1492" hits="0"/>
						<line number="1493" hits="0"/>
						<line number="1499" hits="0"/>
						<line number="1500" hits="0"/>
						<line number="1502" hits="0" branch="true" condition-coverage="0% (0/2)" missing-branches="1503,1505"/>
						<line number="1503" hits="0"/>
						<line number="1505" hits="0"/>
						<line number="1506" hits="0"/>
						<line number="1507" hits="0"/>
						<line number="1508" hits="0"/>
						<line number="1509" hits="0"/>
						<line number="1510" hits="0"/>
						<line number="1516" hits="0"/>
						<line number="1517" hits="0"/>
						<line number="1529" hits="0" branch="true" condition-coverage="0% (0/2)" missing-branches="1530,1532"/>
						<line number="1530" hits="0"/>
						<line number="1532" hits="0"/>
						<line number="1533" hits="0"/>
						<line number="1538" hits="0"/>
						<line number="1539" hits="0"/>
						<line number="1540" hits="0"/>
						<line number="1541" hits="0"/>
						<line number="1552" hits="0"/>
						<line number="1553" hits="0"/>
						<line number="1555" hits="0" branch="true" condition-coverage="0% (0/2)" missing-branches="1556,1558"/>
						<line number="1556" hits="0"/>
						<line number="1558" hits="0"/>
						<line number="1559" hits="0"/>
						<line number="1561" hits="0" branch="true" condition-coverage="0% (0/2)" missing-branches="1562,1566"/>
						<line number="1562" hits="0"/>
						<line number="1566" hits="0"/>
						<line number="1567" hits="0"/>
						<line number="1568" hits="0"/>
						<line number="1569" hits="0"/>
						<line number="1570" hits="0"/>
						<line number="1575" hits="0"/>
						<line number="1576" hits="0"/>
						<line number="1578" hits="0" branch="true" condition-coverage="0% (0/2)" missing-branches="1579,1581"/>
						<line number="1579" hits="0"/>
						<line number="1581" hits="0"/>
						<line number="1582" hits="0"/>
						<line number="1583" hits="0"/>
						<line number="1584" hits="0"/>
						<line number="1585" hits="0"/>
						<line number="1595" hits="0"/>
						<line number="1596" hits="0"/>
						<line number="1600" hits="0" branch="true" condition-coverage="0% (0/2)" missing-branches="1601,1603"/>
						<line number="1601" hits="0"/>
						<line number="1603" hits="0"/>
						<line number="1604" hits="0"/>
						<line number="1605" hits="0"/>
						<line number="1606" hits="0"/>
						<line number="1607" hits="0"/>
						<line number="1612" hits="0"/>
						<line number="1613" hits="0"/>
						<line number="1615" hits="0" branch="true" condition-coverage="0% (0/2)" missing-branches="1616,1618"/>
						<line number="1616" hits="0"/>
						<line number="1618" hits="0"/>
						<line number="1619" hits="0"/>
						<line number="1620" hits="0"/>
						<line number="1621" hits="0"/>
						<line number="1622" hits="0"/>
						<line number="1630" hits="0"/>
						<line number="1631" hits="0"/>
						<line number="1633" hits="0"/>
						<line number="1634" hits="0"/>
						<line number="1636" hits="0"/>
						<line number="1637" hits="0" branch="true" condition-coverage="0% (0/2)" missing-branches="1638,1643"/>
						<line number="1638" hits="0"/>
						<line number="1639" hits="0" branch="true" condition-coverage="0% (0/2)" missing-branches="1637,1640"/>
						<line number="1640" hits="0"/>
						<line number="1641" hits="0"/>
						<line number="1643" hits="0" branch="true" condition-coverage="0% (0/2)" missing-branches="1644,1646"/>
						<line number="1644" hits="0"/>
						<line number="1646" hits="0"/>
						<line number="1647" hits="0"/>
						<line number="1649" hits="0"/>
						<line number="1650" hits="0"/>
						<line number="1651" hits="0"/>
						<line number="1652" hits="0"/>
						<line number="1653" hits="0"/>
					</lines>
				</class>
				<class name="api_client_example.py" filename="api_client_example.py" complexity="0" line-rate="0" branch-rate="0">
					<methods/>
					<lines>
						<line number="6" hits="0"/>
						<line number="7" hits="0"/>
						<line number="9" hits="0"/>
						<line number="12" hits="0"/>
						<line number="15" hits="0"/>
						<line number="16" hits="0"/>
						<line number="18" hits="0"/>
						<line number="20" hits="0"/>
						<line number="21" hits="0"/>
						<line number="22" hits="0"/>
						<line number="24" hits="0"/>
						<line number="26" hits="0"/>
						<line number="27" hits="0"/>
						<line number="28" hits="0"/>
						<line number="31" hits="0"/>
						<line number="35" hits="0"/>
						<line number="44" hits="0"/>
						<line number="46" hits="0"/>
						<line number="48" hits="0"/>
						<line number="50" hits="0"/>
						<line number="55" hits="0"/>
						<line number="59" hits="0"/>
						<line number="64" hits="0"/>
						<line number="68" hits="0"/>
						<line number="73" hits="0"/>
						<line number="75" hits="0"/>
						<line number="78" hits="0"/>
						<line number="80" hits="0"/>
						<line number="84" hits="0"/>
						<line number="86" hits="0"/>
						<line number="88" hits="0"/>
						<line number="90" hits="0"/>
						<line number="93" hits="0"/>
						<line number="95" hits="0"/>
						<line number="97" hits="0"/>
						<line number="99" hits="0"/>
						<line number="101" hits="0"/>
						<line number="103" hits="0"/>
						<line number="105" hits="0"/>
						<line number="107" hits="0"/>
						<line number="110" hits="0"/>
						<line number="112" hits="0"/>
						<line number="114" hits="0"/>
						<line number="116" hits="0"/>
						<line number="119" hits="0"/>
						<line number="121" hits="0"/>
						<line number="123" hits="0"/>
						<line number="125" hits="0"/>
						<line number="127" hits="0"/>
						<line number="129" hits="0"/>
						<line number="131" hits="0"/>
						<line number="133" hits="0"/>
						<line number="136" hits="0"/>
						<line number="138" hits="0"/>
						<line number="140" hits="0"/>
						<line number="142" hits="0"/>
						<line number="150" hits="0"/>
						<line number="152" hits="0"/>
						<line number="153" hits="0"/>
						<line number="154" hits="0"/>
						<line number="157" hits="0"/>
						<line number="159" hits="0"/>
						<line number="161" hits="0"/>
						<line number="163" hits="0"/>
						<line number="164" hits="0"/>
						<line number="165" hits="0"/>
						<line number="166" hits="0"/>
						<line number="171" hits="0"/>
						<line number="172" hits="0"/>
						<line number="173" hits="0"/>
						<line number="174" hits="0"/>
						<line number="175" hits="0"/>
						<line number="178" hits="0"/>
						<line number="179" hits="0"/>
						<line number="182" hits="0"/>
						<line number="183" hits="0" branch="true" condition-coverage="0% (0/2)" missing-branches="184,187"/>
						<line number="184" hits="0"/>
						<line number="187" hits="0"/>
						<line number="188" hits="0" branch="true" condition-coverage="0% (0/2)" missing-branches="189,197"/>
						<line number="189" hits="0"/>
						<line number="190" hits="0"/>
						<line number="191" hits="0"/>
						<line number="192" hits="0"/>
						<line number="193" hits="0"/>
						<line number="194" hits="0"/>
						<line number="197" hits="0"/>
						<line number="198" hits="0"/>
						<line number="199" hits="0"/>
						<line number="200" hits="0" branch="true" condition-coverage="0% (0/2)" missing-branches="201,204"/>
						<line number="201" hits="0"/>
						<line number="204" hits="0"/>
						<line number="205" hits="0"/>
						<line number="206" hits="0"/>
						<line number="207" hits="0" branch="true" condition-coverage="0% (0/2)" missing-branches="208,211"/>
						<line number="208" hits="0"/>
						<line number="211" hits="0"/>
						<line number="212" hits="0"/>
						<line number="213" hits="0" branch="true" condition-coverage="0% (0/2)" missing-branches="214,217"/>
						<line number="214" hits="0"/>
						<line number="217" hits="0"/>
						<line number="218" hits="0"/>
						<line number="219" hits="0"/>
						<line number="220" hits="0" branch="true" condition-coverage="0% (0/2)" missing-branches="221,222"/>
						<line number="221" hits="0"/>
						<line number="222" hits="0"/>
						<line number="225" hits="0"/>
						<line number="226" hits="0"/>
						<line number="230" hits="0"/>
						<line number="233" hits="0"/>
						<line number="234" hits="0"/>
						<line number="235" hits="0"/>
						<line number="237" hits="0"/>
						<line number="238" hits="0"/>
						<line number="239" hits="0"/>
						<line number="241" hits="0"/>
						<line number="242" hits="0"/>
						<line number="243" hits="0"/>
						<line number="244" hits="0"/>
						<line number="245" hits="0"/>
					</lines>
				</class>
				<class name="check_gds_availability.py" filename="check_gds_availability.py" complexity="0" line-rate="0" branch-rate="0">
					<methods/>
					<lines>
						<line number="6" hits="0"/>
						<line number="8" hits="0"/>
						<line number="9" hits="0"/>
						<line number="12" hits="0"/>
						<line number="14" hits="0"/>
						<line number="16" hits="0"/>
						<line number="17" hits="0"/>
						<line number="24" hits="0"/>
						<line number="25" hits="0"/>
						<line number="26" hits="0"/>
						<line number="27" hits="0"/>
						<line number="29" hits="0"/>
						<line number="31" hits="0"/>
						<line number="32" hits="0"/>
						<line number="34" hits="0"/>
						<line number="36" hits="0"/>
						<line number="37" hits="0"/>
						<line number="38" hits="0"/>
						<line number="39" hits="0"/>
						<line number="42" hits="0"/>
						<line number="43" hits="0" branch="true" condition-coverage="0% (0/2)" missing-branches="44,47"/>
						<line number="44" hits="0"/>
						<line number="45" hits="0"/>
						<line number="47" hits="0"/>
						<line number="48" hits="0"/>
						<line number="49" hits="0"/>
						<line number="52" hits="0"/>
						<line number="53" hits="0"/>
						<line number="54" hits="0"/>
						<line number="55" hits="0" branch="true" condition-coverage="0% (0/2)" missing-branches="56,58"/>
						<line number="56" hits="0"/>
						<line number="58" hits="0"/>
						<line number="61" hits="0"/>
						<line number="62" hits="0"/>
						<line number="63" hits="0"/>
						<line number="64" hits="0"/>
						<line number="66" hits="0"/>
						<line number="67" hits="0"/>
						<line number="75" hits="0"/>
						<line number="76" hits="0"/>
						<line number="78" hits="0"/>
						<line number="79" hits="0"/>
						<line number="87" hits="0"/>
						<line number="90" hits="0"/>
						<line number="92" hits="0"/>
						<line number="93" hits="0"/>
						<line number="96" hits="0"/>
						<line number="97" hits="0" branch="true" condition-coverage="0% (0/2)" missing-branches="98,108"/>
						<line number="98" hits="0"/>
						<line number="99" hits="0"/>
						<line number="102" hits="0"/>
						<line number="105" hits="0"/>
						<line number="106" hits="0"/>
						<line number="108" hits="0" branch="true" condition-coverage="0% (0/2)" missing-branches="109,133"/>
						<line number="109" hits="0" branch="true" condition-coverage="0% (0/2)" missing-branches="112,116"/>
						<line number="112" hits="0"/>
						<line number="113" hits="0"/>
						<line number="116" hits="0"/>
						<line number="117" hits="0"/>
						<line number="125" hits="0"/>
						<line number="126" hits="0" branch="true" condition-coverage="0% (0/2)" missing-branches="127,156"/>
						<line number="127" hits="0"/>
						<line number="130" hits="0"/>
						<line number="133" hits="0"/>
						<line number="134" hits="0"/>
						<line number="135" hits="0"/>
						<line number="137" hits="0" branch="true" condition-coverage="0% (0/2)" missing-branches="138,156"/>
						<line number="138" hits="0"/>
						<line number="139" hits="0"/>
						<line number="140" hits="0"/>
						<line number="143" hits="0"/>
						<line number="144" hits="0"/>
						<line number="145" hits="0"/>
						<line number="146" hits="0"/>
						<line number="149" hits="0"/>
						<line number="152" hits="0"/>
						<line number="153" hits="0"/>
						<line number="156" hits="0"/>
						<line number="157" hits="0"/>
						<line number="158" hits="0"/>
						<line number="159" hits="0"/>
						<line number="162" hits="0"/>
						<line number="163" hits="0" branch="true" condition-coverage="0% (0/2)" missing-branches="164,168"/>
						<line number="164" hits="0"/>
						<line number="165" hits="0" branch="true" condition-coverage="0% (0/2)" missing-branches="166,173"/>
						<line number="166" hits="0"/>
						<line number="168" hits="0"/>
						<line number="169" hits="0"/>
						<line number="170" hits="0"/>
						<line number="173" hits="0"/>
						<line number="174" hits="0"/>
						<line number="175" hits="0"/>
						<line number="178" hits="0"/>
						<line number="179" hits="0"/>
						<line number="180" hits="0"/>
						<line number="183" hits="0"/>
						<line number="184" hits="0"/>
						<line number="187" hits="0"/>
						<line number="188" hits="0" branch="true" condition-coverage="0% (0/2)" missing-branches="189,195"/>
						<line number="189" hits="0"/>
						<line number="190" hits="0"/>
						<line number="191" hits="0"/>
						<line number="192" hits="0"/>
						<line number="195" hits="0" branch="true" condition-coverage="0% (0/2)" missing-branches="196,210"/>
						<line number="196" hits="0"/>
						<line number="197" hits="0"/>
						<line number="200" hits="0"/>
						<line number="201" hits="0" branch="true" condition-coverage="0% (0/2)" missing-branches="204,210"/>
						<line number="204" hits="0"/>
						<line number="205" hits="0"/>
						<line number="206" hits="0" branch="true" condition-coverage="0% (0/2)" missing-branches="207,210"/>
						<line number="207" hits="0"/>
						<line number="210" hits="0" branch="true" condition-coverage="0% (0/2)" missing-branches="211,279"/>
						<line number="211" hits="0" branch="true" condition-coverage="0% (0/2)" missing-branches="212,268"/>
						<line number="212" hits="0"/>
						<line number="215" hits="0"/>
						<line number="216" hits="0"/>
						<line number="219" hits="0"/>
						<line number="220" hits="0"/>
						<line number="226" hits="0" branch="true" condition-coverage="0% (0/2)" missing-branches="227,249"/>
						<line number="227" hits="0"/>
						<line number="230" hits="0"/>
						<line number="233" hits="0"/>
						<line number="236" hits="0"/>
						<line number="239" hits="0"/>
						<line number="242" hits="0"/>
						<line number="243" hits="0"/>
						<line number="244" hits="0"/>
						<line number="245" hits="0"/>
						<line number="246" hits="0"/>
						<line number="247" hits="0"/>
						<line number="249" hits="0"/>
						<line number="250" hits="0"/>
						<line number="253" hits="0"/>
						<line number="254" hits="0"/>
						<line number="257" hits="0"/>
						<line number="258" hits="0"/>
						<line number="259" hits="0"/>
						<line number="260" hits="0"/>
						<line number="262" hits="0"/>
						<line number="265" hits="0" branch="true" condition-coverage="0% (0/2)" missing-branches="266,284"/>
						<line number="266" hits="0"/>
						<line number="268" hits="0"/>
						<line number="269" hits="0"/>
						<line number="270" hits="0"/>
						<line number="273" hits="0"/>
						<line number="274" hits="0"/>
						<line number="277" hits="0"/>
						<line number="279" hits="0"/>
						<line number="280" hits="0" branch="true" condition-coverage="0% (0/2)" missing-branches="281,282"/>
						<line number="281" hits="0"/>
						<line number="282" hits="0"/>
						<line number="284" hits="0"/>
						<line number="286" hits="0"/>
						<line number="287" hits="0"/>
						<line number="288" hits="0"/>
						<line number="289" hits="0"/>
						<line number="290" hits="0"/>
						<line number="291" hits="0"/>
						<line number="292" hits="0"/>
					</lines>
				</class>
				<class name="delete_techcrunch_disrupt_nodes.py" filename="delete_techcrunch_disrupt_nodes.py" complexity="0" line-rate="0" branch-rate="0">
					<methods/>
					<lines>
						<line number="7" hits="0"/>
						<line number="9" hits="0"/>
						<line number="10" hits="0"/>
						<line number="13" hits="0"/>
						<line number="16" hits="0"/>
						<line number="20" hits="0"/>
						<line number="21" hits="0"/>
						<line number="28" hits="0"/>
						<line number="31" hits="0"/>
						<line number="32" hits="0"/>
						<line number="34" hits="0"/>
						<line number="35" hits="0"/>
						<line number="48" hits="0"/>
						<line number="50" hits="0" branch="true" condition-coverage="0% (0/2)" missing-branches="51,54"/>
						<line number="51" hits="0"/>
						<line number="52" hits="0"/>
						<line number="54" hits="0"/>
						<line number="55" hits="0" branch="true" condition-coverage="0% (0/2)" missing-branches="56,59"/>
						<line number="56" hits="0"/>
						<line number="59" hits="0"/>
						<line number="60" hits="0"/>
						<line number="72" hits="0"/>
						<line number="73" hits="0"/>
						<line number="74" hits="0"/>
						<line number="77" hits="0"/>
						<line number="78" hits="0"/>
						<line number="90" hits="0"/>
						<line number="91" hits="0"/>
						<line number="92" hits="0"/>
						<line number="95" hits="0"/>
						<line number="96" hits="0"/>
						<line number="107" hits="0"/>
						<line number="108" hits="0"/>
						<line number="110" hits="0" branch="true" condition-coverage="0% (0/2)" missing-branches="111,113"/>
						<line number="111" hits="0"/>
						<line number="113" hits="0"/>
						<line number="118" hits="0"/>
						<line number="119" hits="0"/>
					</lines>
				</class>
				<class name="entity_extractor.py" filename="entity_extractor.py" complexity="0" line-rate="0" branch-rate="0">
					<methods/>
					<lines>
						<line number="6" hits="0"/>
						<line number="7" hits="0"/>
						<line number="8" hits="0"/>
						<line number="9" hits="0"/>
						<line number="10" hits="0"/>
						<line number="11" hits="0"/>
						<line number="12" hits="0"/>
						<line number="14" hits="0"/>
						<line number="15" hits="0"/>
						<line number="16" hits="0"/>
						<line number="19" hits="0"/>
						<line number="21" hits="0"/>
						<line number="22" hits="0"/>
						<line number="23" hits="0"/>
						<line number="24" hits="0"/>
						<line number="28" hits="0"/>
						<line number="29" hits="0"/>
						<line number="32" hits="0"/>
						<line number="35" hits="0"/>
						<line number="36" hits="0"/>
						<line number="39" hits="0"/>
						<line number="118" hits="0"/>
						<line number="119" hits="0"/>
						<line number="120" hits="0"/>
						<line number="122" hits="0"/>
						<line number="133" hits="0"/>
						<line number="134" hits="0"/>
						<line number="137" hits="0"/>
						<line number="142" hits="0"/>
						<line number="144" hits="0"/>
						<line number="151" hits="0"/>
						<line number="158" hits="0"/>
						<line number="164" hits="0"/>
						<line number="167" hits="0"/>
						<line number="170" hits="0"/>
						<line number="180" hits="0"/>
						<line number="183" hits="0"/>
						<line number="184" hits="0" branch="true" condition-coverage="0% (0/2)" missing-branches="185,188"/>
						<line number="185" hits="0"/>
						<line number="188" hits="0"/>
						<line number="191" hits="0"/>
						<line number="193" hits="0"/>
						<line number="195" hits="0"/>
						<line number="197" hits="0" branch="true" condition-coverage="0% (0/2)" missing-branches="198,202"/>
						<line number="198" hits="0" branch="true" condition-coverage="0% (0/2)" missing-branches="197,199"/>
						<line number="199" hits="0"/>
						<line number="200" hits="0"/>
						<line number="202" hits="0"/>
						<line number="204" hits="0"/>
						<line number="207" hits="0"/>
						<line number="208" hits="0"/>
						<line number="211" hits="0"/>
						<line number="214" hits="0"/>
						<line number="216" hits="0" branch="true" condition-coverage="0% (0/2)" missing-branches="217,258"/>
						<line number="217" hits="0"/>
						<line number="218" hits="0" branch="true" condition-coverage="0% (0/2)" missing-branches="219,222"/>
						<line number="219" hits="0"/>
						<line number="222" hits="0" branch="true" condition-coverage="0% (0/2)" missing-branches="223,237"/>
						<line number="223" hits="0"/>
						<line number="224" hits="0" branch="true" condition-coverage="0% (0/2)" missing-branches="216,226"/>
						<line number="226" hits="0"/>
						<line number="228" hits="0"/>
						<line number="229" hits="0" branch="true" condition-coverage="0% (0/2)" missing-branches="230,234"/>
						<line number="230" hits="0"/>
						<line number="233" hits="0"/>
						<line number="234" hits="0"/>
						<line number="237" hits="0" branch="true" condition-coverage="0% (0/2)" missing-branches="216,238"/>
						<line number="238" hits="0"/>
						<line number="239" hits="0" branch="true" condition-coverage="0% (0/2)" missing-branches="216,241"/>
						<line number="241" hits="0"/>
						<line number="242" hits="0" branch="true" condition-coverage="0% (0/2)" missing-branches="243,249"/>
						<line number="243" hits="0"/>
						<line number="246" hits="0"/>
						<line number="249" hits="0"/>
						<line number="250" hits="0" branch="true" condition-coverage="0% (0/2)" missing-branches="251,256"/>
						<line number="251" hits="0"/>
						<line number="254" hits="0"/>
						<line number="256" hits="0"/>
						<line number="258" hits="0"/>
						<line number="260" hits="0"/>
						<line number="262" hits="0"/>
						<line number="264" hits="0"/>
						<line number="267" hits="0"/>
						<line number="269" hits="0" branch="true" condition-coverage="0% (0/2)" missing-branches="270,278"/>
						<line number="270" hits="0"/>
						<line number="275" hits="0"/>
						<line number="276" hits="0"/>
						<line number="278" hits="0"/>
						<line number="280" hits="0"/>
						<line number="282" hits="0"/>
						<line number="284" hits="0"/>
						<line number="287" hits="0"/>
						<line number="289" hits="0" branch="true" condition-coverage="0% (0/2)" missing-branches="290,302"/>
						<line number="290" hits="0"/>
						<line number="299" hits="0"/>
						<line number="300" hits="0"/>
						<line number="302" hits="0"/>
						<line number="305" hits="0"/>
						<line number="307" hits="0"/>
						<line number="308" hits="0"/>
						<line number="311" hits="0" branch="true" condition-coverage="0% (0/2)" missing-branches="312,317"/>
						<line number="312" hits="0"/>
						<line number="317" hits="0" branch="true" condition-coverage="0% (0/2)" missing-branches="318,321"/>
						<line number="318" hits="0"/>
						<line number="321" hits="0" branch="true" condition-coverage="0% (0/2)" missing-branches="322,326"/>
						<line number="322" hits="0"/>
						<line number="326" hits="0"/>
						<line number="340" hits="0"/>
						<line number="360" hits="0"/>
						<line number="363" hits="0"/>
						<line number="366" hits="0"/>
						<line number="367" hits="0" branch="true" condition-coverage="0% (0/2)" missing-branches="369,386"/>
						<line number="369" hits="0" branch="true" condition-coverage="0% (0/2)" missing-branches="370,372"/>
						<line number="370" hits="0"/>
						<line number="372" hits="0" branch="true" condition-coverage="0% (0/2)" missing-branches="382,383"/>
						<line number="382" hits="0"/>
						<line number="383" hits="0"/>
						<line number="386" hits="0"/>
						<line number="388" hits="0" branch="true" condition-coverage="0% (0/2)" missing-branches="389,392"/>
						<line number="389" hits="0"/>
						<line number="392" hits="0"/>
						<line number="393" hits="0"/>
						<line number="394" hits="0"/>
						<line number="395" hits="0"/>
						<line number="398" hits="0" branch="true" condition-coverage="0% (0/2)" missing-branches="399,405"/>
						<line number="399" hits="0"/>
						<line number="400" hits="0"/>
						<line number="401" hits="0"/>
						<line number="402" hits="0" branch="true" condition-coverage="0% (0/2)" missing-branches="403,405"/>
						<line number="403" hits="0"/>
						<line number="405" hits="0"/>
						<line number="408" hits="0"/>
						<line number="412" hits="0"/>
						<line number="415" hits="0"/>
						<line number="418" hits="0"/>
						<line number="419" hits="0" branch="true" condition-coverage="0% (0/2)" missing-branches="420,426"/>
						<line number="420" hits="0"/>
						<line number="421" hits="0"/>
						<line number="422" hits="0"/>
						<line number="423" hits="0"/>
						<line number="424" hits="0"/>
						<line number="426" hits="0" branch="true" condition-coverage="0% (0/2)" missing-branches="427,511"/>
						<line number="427" hits="0"/>
						<line number="429" hits="0"/>
						<line number="431" hits="0"/>
						<line number="432" hits="0"/>
						<line number="435" hits="0" branch="true" condition-coverage="0% (0/2)" missing-branches="436,447"/>
						<line number="436" hits="0"/>
						<line number="437" hits="0" branch="true" condition-coverage="0% (0/2)" missing-branches="438,447"/>
						<line number="438" hits="0"/>
						<line number="441" hits="0"/>
						<line number="442" hits="0" branch="true" condition-coverage="0% (0/2)" missing-branches="443,444"/>
						<line number="443" hits="0"/>
						<line number="444" hits="0"/>
						<line number="447" hits="0" branch="true" condition-coverage="0% (0/2)" missing-branches="448,452"/>
						<line number="448" hits="0"/>
						<line number="449" hits="0"/>
						<line number="450" hits="0"/>
						<line number="452" hits="0"/>
						<line number="455" hits="0"/>
						<line number="458" hits="0" branch="true" condition-coverage="0% (0/2)" missing-branches="459,468"/>
						<line number="459" hits="0"/>
						<line number="460" hits="0" branch="true" condition-coverage="0% (0/2)" missing-branches="461,468"/>
						<line number="461" hits="0"/>
						<line number="463" hits="0"/>
						<line number="468" hits="0"/>
						<line number="471" hits="0"/>
						<line number="472" hits="0"/>
						<line number="475" hits="0"/>
						<line number="478" hits="0"/>
						<line number="479" hits="0"/>
						<line number="482" hits="0" branch="true" condition-coverage="0% (0/2)" missing-branches="483,485"/>
						<line number="483" hits="0"/>
						<line number="485" hits="0"/>
						<line number="488" hits="0" branch="true" condition-coverage="0% (0/2)" missing-branches="426,489"/>
						<line number="489" hits="0"/>
						<line number="491" hits="0"/>
						<line number="492" hits="0"/>
						<line number="494" hits="0"/>
						<line number="495" hits="0"/>
						<line number="496" hits="0"/>
						<line number="497" hits="0"/>
						<line number="498" hits="0"/>
						<line number="499" hits="0"/>
						<line number="500" hits="0"/>
						<line number="501" hits="0"/>
						<line number="503" hits="0"/>
						<line number="504" hits="0"/>
						<line number="505" hits="0"/>
						<line number="506" hits="0" branch="true" condition-coverage="0% (0/2)" missing-branches="507,508"/>
						<line number="507" hits="0"/>
						<line number="508" hits="0"/>
						<line number="511" hits="0"/>
						<line number="512" hits="0"/>
						<line number="515" hits="0"/>
						<line number="516" hits="0"/>
						<line number="519" hits="0"/>
						<line number="521" hits="0"/>
						<line number="522" hits="0"/>
						<line number="523" hits="0"/>
						<line number="524" hits="0"/>
						<line number="525" hits="0"/>
						<line number="526" hits="0" branch="true" condition-coverage="0% (0/2)" missing-branches="527,530"/>
						<line number="527" hits="0"/>
						<line number="530" hits="0"/>
						<line number="532" hits="0"/>
						<line number="534" hits="0"/>
						<line number="537" hits="0"/>
						<line number="539" hits="0"/>
						<line number="541" hits="0"/>
						<line number="544" hits="0"/>
						<line number="547" hits="0"/>
						<line number="548" hits="0"/>
						<line number="549" hits="0"/>
						<line number="551" hits="0" branch="true" condition-coverage="0% (0/2)" missing-branches="552,556"/>
						<line number="552" hits="0"/>
						<line number="553" hits="0"/>
						<line number="556" hits="0"/>
						<line number="564" hits="0" branch="true" condition-coverage="0% (0/2)" missing-branches="exit,565"/>
						<line number="565" hits="0"/>
						<line number="566" hits="0"/>
					</lines>
				</class>
				<class name="graph_builder.py" filename="graph_builder.py" complexity="0" line-rate="0" branch-rate="0">
					<methods/>
					<lines>
						<line number="6" hits="0"/>
						<line number="7" hits="0"/>
						<line number="8" hits="0"/>
						<line number="9" hits="0"/>
						<line number="10" hits="0"/>
						<line number="11" hits="0"/>
						<line number="13" hits="0"/>
						<line number="15" hits="0"/>
						<line number="18" hits="0"/>
						<line number="28" hits="0"/>
						<line number="31" hits="0"/>
						<line number="38" hits="0"/>
						<line number="39" hits="0"/>
						<line number="41" hits="0"/>
						<line number="43" hits="0"/>
						<line number="45" hits="0"/>
						<line number="56" hits="0" branch="true" condition-coverage="0% (0/2)" missing-branches="57,64"/>
						<line number="57" hits="0"/>
						<line number="58" hits="0"/>
						<line number="59" hits="0"/>
						<line number="60" hits="0"/>
						<line number="61" hits="0"/>
						<line number="64" hits="0"/>
						<line number="67" hits="0"/>
						<line number="74" hits="0" branch="true" condition-coverage="0% (0/2)" missing-branches="exit,75"/>
						<line number="75" hits="0"/>
						<line number="76" hits="0"/>
						<line number="77" hits="0"/>
						<line number="78" hits="0"/>
						<line number="79" hits="0"/>
						<line number="81" hits="0"/>
						<line number="85" hits="0"/>
						<line number="103" hits="0"/>
						<line number="104" hits="0"/>
						<line number="105" hits="0"/>
						<line number="106" hits="0"/>
						<line number="107" hits="0" branch="true" condition-coverage="0% (0/2)" missing-branches="exit,108"/>
						<line number="108" hits="0"/>
						<line number="109" hits="0"/>
						<line number="110" hits="0"/>
						<line number="112" hits="0"/>
						<line number="113" hits="0"/>
						<line number="115" hits="0"/>
						<line number="116" hits="0"/>
						<line number="118" hits="0"/>
						<line number="120" hits="0"/>
						<line number="121" hits="0"/>
						<line number="135" hits="0"/>
						<line number="136" hits="0"/>
						<line number="138" hits="0"/>
						<line number="140" hits="0"/>
						<line number="141" hits="0"/>
						<line number="142" hits="0"/>
						<line number="145" hits="0"/>
						<line number="147" hits="0"/>
						<line number="148" hits="0" branch="true" condition-coverage="0% (0/2)" missing-branches="149,153"/>
						<line number="149" hits="0"/>
						<line number="150" hits="0"/>
						<line number="153" hits="0"/>
						<line number="156" hits="0"/>
						<line number="165" hits="0"/>
						<line number="167" hits="0"/>
						<line number="171" hits="0"/>
						<line number="209" hits="0"/>
						<line number="213" hits="0"/>
						<line number="214" hits="0"/>
						<line number="215" hits="0" branch="true" condition-coverage="0% (0/2)" missing-branches="216,219"/>
						<line number="216" hits="0"/>
						<line number="219" hits="0"/>
						<line number="221" hits="0"/>
						<line number="223" hits="0"/>
						<line number="225" hits="0"/>
						<line number="235" hits="0"/>
						<line number="237" hits="0"/>
						<line number="244" hits="0"/>
						<line number="245" hits="0"/>
						<line number="260" hits="0"/>
						<line number="262" hits="0"/>
						<line number="263" hits="0"/>
						<line number="264" hits="0"/>
						<line number="265" hits="0"/>
						<line number="266" hits="0"/>
						<line number="270" hits="0" branch="true" condition-coverage="0% (0/2)" missing-branches="271,279"/>
						<line number="271" hits="0"/>
						<line number="276" hits="0"/>
						<line number="279" hits="0"/>
						<line number="281" hits="0" branch="true" condition-coverage="0% (0/2)" missing-branches="282,290"/>
						<line number="282" hits="0"/>
						<line number="287" hits="0"/>
						<line number="290" hits="0"/>
						<line number="308" hits="0" branch="true" condition-coverage="0% (0/2)" missing-branches="309,318"/>
						<line number="309" hits="0"/>
						<line number="315" hits="0"/>
						<line number="318" hits="0"/>
						<line number="320" hits="0"/>
						<line number="330" hits="0"/>
						<line number="331" hits="0" branch="true" condition-coverage="0% (0/2)" missing-branches="332,336"/>
						<line number="332" hits="0"/>
						<line number="333" hits="0"/>
						<line number="336" hits="0"/>
						<line number="346" hits="0"/>
						<line number="347" hits="0" branch="true" condition-coverage="0% (0/2)" missing-branches="348,352"/>
						<line number="348" hits="0"/>
						<line number="349" hits="0"/>
						<line number="352" hits="0"/>
						<line number="353" hits="0"/>
						<line number="354" hits="0"/>
						<line number="355" hits="0"/>
						<line number="358" hits="0" branch="true" condition-coverage="0% (0/2)" missing-branches="359,367"/>
						<line number="359" hits="0"/>
						<line number="364" hits="0"/>
						<line number="367" hits="0"/>
						<line number="382" hits="0"/>
						<line number="391" hits="0"/>
						<line number="393" hits="0"/>
						<line number="396" hits="0"/>
						<line number="406" hits="0"/>
						<line number="407" hits="0"/>
						<line number="410" hits="0"/>
						<line number="412" hits="0"/>
						<line number="420" hits="0"/>
						<line number="423" hits="0" branch="true" condition-coverage="0% (0/2)" missing-branches="424,427"/>
						<line number="424" hits="0"/>
						<line number="425" hits="0"/>
						<line number="427" hits="0"/>
						<line number="430" hits="0"/>
						<line number="431" hits="0"/>
						<line number="434" hits="0"/>
						<line number="435" hits="0"/>
						<line number="436" hits="0"/>
						<line number="438" hits="0"/>
						<line number="441" hits="0"/>
						<line number="443" hits="0" branch="true" condition-coverage="0% (0/2)" missing-branches="444,448"/>
						<line number="444" hits="0"/>
						<line number="445" hits="0" branch="true" condition-coverage="0% (0/2)" missing-branches="443,446"/>
						<line number="446" hits="0"/>
						<line number="448" hits="0" branch="true" condition-coverage="0% (0/2)" missing-branches="449,450"/>
						<line number="449" hits="0"/>
						<line number="450" hits="0"/>
						<line number="453" hits="0"/>
						<line number="454" hits="0"/>
						<line number="455" hits="0"/>
						<line number="457" hits="0"/>
						<line number="459" hits="0" branch="true" condition-coverage="0% (0/2)" missing-branches="460,475"/>
						<line number="460" hits="0"/>
						<line number="462" hits="0" branch="true" condition-coverage="0% (0/2)" missing-branches="463,467"/>
						<line number="463" hits="0"/>
						<line number="464" hits="0"/>
						<line number="467" hits="0"/>
						<line number="468" hits="0" branch="true" condition-coverage="0% (0/2)" missing-branches="469,472"/>
						<line number="469" hits="0"/>
						<line number="470" hits="0"/>
						<line number="472" hits="0"/>
						<line number="473" hits="0"/>
						<line number="475" hits="0" branch="true" condition-coverage="0% (0/2)" missing-branches="476,477"/>
						<line number="476" hits="0"/>
						<line number="477" hits="0" branch="true" condition-coverage="0% (0/2)" missing-branches="478,479"/>
						<line number="478" hits="0"/>
						<line number="479" hits="0"/>
						<line number="481" hits="0"/>
						<line number="483" hits="0"/>
						<line number="485" hits="0"/>
						<line number="486" hits="0"/>
						<line number="498" hits="0" branch="true" condition-coverage="0% (0/2)" missing-branches="499,504"/>
						<line number="499" hits="0"/>
						<line number="500" hits="0"/>
						<line number="501" hits="0"/>
						<line number="504" hits="0"/>
						<line number="505" hits="0"/>
						<line number="506" hits="0"/>
						<line number="508" hits="0"/>
						<line number="514" hits="0"/>
						<line number="516" hits="0"/>
						<line number="517" hits="0"/>
						<line number="519" hits="0"/>
						<line number="527" hits="0"/>
						<line number="529" hits="0"/>
						<line number="539" hits="0"/>
						<line number="540" hits="0" branch="true" condition-coverage="0% (0/2)" missing-branches="541,544"/>
						<line number="541" hits="0"/>
						<line number="542" hits="0"/>
						<line number="544" hits="0"/>
						<line number="547" hits="0"/>
						<line number="548" hits="0"/>
						<line number="549" hits="0"/>
						<line number="552" hits="0"/>
						<line number="553" hits="0"/>
						<line number="556" hits="0"/>
						<line number="557" hits="0"/>
						<line number="558" hits="0"/>
						<line number="559" hits="0"/>
						<line number="560" hits="0"/>
						<line number="561" hits="0"/>
						<line number="564" hits="0" branch="true" condition-coverage="0% (0/2)" missing-branches="565,614"/>
						<line number="565" hits="0" branch="true" condition-coverage="0% (0/2)" missing-branches="566,569"/>
						<line number="566" hits="0"/>
						<line number="569" hits="0" branch="true" condition-coverage="0% (0/2)" missing-branches="570,573"/>
						<line number="570" hits="0"/>
						<line number="573" hits="0" branch="true" condition-coverage="0% (0/2)" missing-branches="575,582"/>
						<line number="575" hits="0" branch="true" condition-coverage="0% (0/2)" missing-branches="576,580"/>
						<line number="576" hits="0"/>
						<line number="579" hits="0"/>
						<line number="580" hits="0"/>
						<line number="582" hits="0" branch="true" condition-coverage="0% (0/2)" missing-branches="584,599"/>
						<line number="584" hits="0" branch="true" condition-coverage="0% (0/2)" missing-branches="585,596"/>
						<line number="585" hits="0"/>
						<line number="586" hits="0" branch="true" condition-coverage="0% (0/2)" missing-branches="587,593"/>
						<line number="587" hits="0" branch="true" condition-coverage="0% (0/2)" missing-branches="588,591"/>
						<line number="588" hits="0"/>
						<line number="591" hits="0" branch="true" condition-coverage="0% (0/2)" missing-branches="586,592"/>
						<line number="592" hits="0"/>
						<line number="593" hits="0" branch="true" condition-coverage="0% (0/2)" missing-branches="594,596"/>
						<line number="594" hits="0"/>
						<line number="595" hits="0"/>
						<line number="596" hits="0"/>
						<line number="599" hits="0" branch="true" condition-coverage="0% (0/2)" missing-branches="600,604"/>
						<line number="600" hits="0" branch="true" condition-coverage="0% (0/2)" missing-branches="564,601"/>
						<line number="601" hits="0"/>
						<line number="602" hits="0"/>
						<line number="604" hits="0" branch="true" condition-coverage="0% (0/2)" missing-branches="605,610"/>
						<line number="605" hits="0" branch="true" condition-coverage="0% (0/2)" missing-branches="564,606"/>
						<line number="606" hits="0"/>
						<line number="607" hits="0"/>
						<line number="610" hits="0"/>
						<line number="611" hits="0"/>
						<line number="614" hits="0" branch="true" condition-coverage="0% (0/2)" missing-branches="615,618"/>
						<line number="615" hits="0"/>
						<line number="616" hits="0"/>
						<line number="618" hits="0"/>
						<line number="624" hits="0"/>
						<line number="625" hits="0"/>
						<line number="627" hits="0"/>
						<line number="635" hits="0"/>
						<line number="640" hits="0"/>
						<line number="641" hits="0"/>
						<line number="642" hits="0"/>
						<line number="648" hits="0"/>
						<line number="650" hits="0"/>
						<line number="657" hits="0"/>
						<line number="661" hits="0"/>
						<line number="662" hits="0"/>
						<line number="664" hits="0" branch="true" condition-coverage="0% (0/2)" missing-branches="665,683"/>
						<line number="665" hits="0"/>
						<line number="666" hits="0"/>
						<line number="667" hits="0" branch="true" condition-coverage="0% (0/2)" missing-branches="668,676"/>
						<line number="668" hits="0"/>
						<line number="669" hits="0"/>
						<line number="670" hits="0"/>
						<line number="676" hits="0"/>
						<line number="677" hits="0"/>
						<line number="678" hits="0"/>
						<line number="679" hits="0"/>
						<line number="683" hits="0"/>
						<line number="689" hits="0"/>
						<line number="756" hits="0"/>
						<line number="758" hits="0"/>
						<line number="760" hits="0"/>
						<line number="763" hits="0"/>
						<line number="766" hits="0"/>
						<line number="767" hits="0"/>
						<line number="768" hits="0"/>
					</lines>
				</class>
				<class name="integrate_new_features.py" filename="integrate_new_features.py" complexity="0" line-rate="0" branch-rate="1">
					<methods/>
					<lines>
						<line number="7" hits="0"/>
						<line number="8" hits="0"/>
						<line number="9" hits="0"/>
						<line number="11" hits="0"/>
						<line number="12" hits="0"/>
						<line number="15" hits="0"/>
						<line number="17" hits="0"/>
						<line number="18" hits="0"/>
						<line number="19" hits="0"/>
						<line number="20" hits="0"/>
						<line number="21" hits="0"/>
						<line number="22" hits="0"/>
						<line number="23" hits="0"/>
						<line number="25" hits="0"/>
						<line number="28" hits="0"/>
						<line number="32" hits="0"/>
						<line number="33" hits="0"/>
						<line number="42" hits="0"/>
						<line number="43" hits="0"/>
						<line number="44" hits="0"/>
						<line number="45" hits="0"/>
						<line number="48" hits="0"/>
						<line number="49" hits="0"/>
						<line number="50" hits="0"/>
						<line number="51" hits="0"/>
						<line number="52" hits="0"/>
						<line number="55" hits="0"/>
						<line number="56" hits="0"/>
						<line number="57" hits="0"/>
						<line number="58" hits="0"/>
						<line number="59" hits="0"/>
						<line number="62" hits="0"/>
						<line number="63" hits="0"/>
						<line number="64" hits="0"/>
						<line number="65" hits="0"/>
						<line number="68" hits="0"/>
						<line number="69" hits="0"/>
						<line number="70" hits="0"/>
						<line number="71" hits="0"/>
						<line number="72" hits="0"/>
						<line number="75" hits="0"/>
						<line number="76" hits="0"/>
						<line number="77" hits="0"/>
						<line number="78" hits="0"/>
						<line number="79" hits="0"/>
						<line number="81" hits="0"/>
						<line number="82" hits="0"/>
						<line number="83" hits="0"/>
						<line number="85" hits="0"/>
						<line number="86" hits="0"/>
						<line number="87" hits="0"/>
						<line number="89" hits="0"/>
						<line number="91" hits="0"/>
					</lines>
				</class>
				<class name="pipeline.py" filename="pipeline.py" complexity="0" line-rate="0" branch-rate="0">
					<methods/>
					<lines>
						<line number="6" hits="0"/>
						<line number="7" hits="0"/>
						<line number="8" hits="0"/>
						<line number="9" hits="0"/>
						<line number="11" hits="0"/>
						<line number="12" hits="0"/>
						<line number="15" hits="0"/>
						<line number="18" hits="0"/>
						<line number="21" hits="0"/>
						<line number="31" hits="0"/>
						<line number="34" hits="0"/>
						<line number="36" hits="0"/>
						<line number="38" hits="0"/>
						<line number="39" hits="0" branch="true" condition-coverage="0% (0/2)" missing-branches="40,45"/>
						<line number="40" hits="0"/>
						<line number="41" hits="0"/>
						<line number="42" hits="0"/>
						<line number="43" hits="0"/>
						<line number="45" hits="0" branch="true" condition-coverage="0% (0/2)" missing-branches="46,53"/>
						<line number="46" hits="0"/>
						<line number="51" hits="0"/>
						<line number="53" hits="0"/>
						<line number="56" hits="0"/>
						<line number="65" hits="0"/>
						<line number="66" hits="0" branch="true" condition-coverage="0% (0/2)" missing-branches="67,70"/>
						<line number="67" hits="0" branch="true" condition-coverage="0% (0/2)" missing-branches="66,68"/>
						<line number="68" hits="0"/>
						<line number="70" hits="0" branch="true" condition-coverage="0% (0/2)" missing-branches="71,83"/>
						<line number="71" hits="0"/>
						<line number="81" hits="0"/>
						<line number="83" hits="0"/>
						<line number="86" hits="0"/>
						<line number="122" hits="0"/>
						<line number="125" hits="0" branch="true" condition-coverage="0% (0/2)" missing-branches="126,128"/>
						<line number="126" hits="0"/>
						<line number="128" hits="0" branch="true" condition-coverage="0% (0/2)" missing-branches="129,132"/>
						<line number="129" hits="0"/>
						<line number="132" hits="0"/>
						<line number="133" hits="0"/>
						<line number="134" hits="0"/>
						<line number="137" hits="0"/>
						<line number="138" hits="0"/>
						<line number="140" hits="0"/>
						<line number="143" hits="0" branch="true" condition-coverage="0% (0/2)" missing-branches="144,195"/>
						<line number="144" hits="0"/>
						<line number="146" hits="0"/>
						<line number="147" hits="0"/>
						<line number="148" hits="0"/>
						<line number="151" hits="0"/>
						<line number="152" hits="0" branch="true" condition-coverage="0% (0/2)" missing-branches="153,155"/>
						<line number="153" hits="0"/>
						<line number="155" hits="0"/>
						<line number="156" hits="0"/>
						<line number="159" hits="0" branch="true" condition-coverage="0% (0/2)" missing-branches="160,162"/>
						<line number="160" hits="0"/>
						<line number="162" hits="0"/>
						<line number="165" hits="0"/>
						<line number="172" hits="0"/>
						<line number="173" hits="0"/>
						<line number="175" hits="0" branch="true" condition-coverage="0% (0/2)" missing-branches="176,181"/>
						<line number="176" hits="0"/>
						<line number="179" hits="0"/>
						<line number="181" hits="0"/>
						<line number="184" hits="0"/>
						<line number="185" hits="0"/>
						<line number="187" hits="0"/>
						<line number="192" hits="0"/>
						<line number="193" hits="0"/>
						<line number="194" hits="0"/>
						<line number="195" hits="0" branch="true" condition-coverage="0% (0/2)" missing-branches="196,199"/>
						<line number="196" hits="0"/>
						<line number="199" hits="0" branch="true" condition-coverage="0% (0/2)" missing-branches="200,222"/>
						<line number="200" hits="0"/>
						<line number="202" hits="0"/>
						<line number="204" hits="0"/>
						<line number="205" hits="0"/>
						<line number="214" hits="0" branch="true" condition-coverage="0% (0/2)" missing-branches="215,228"/>
						<line number="215" hits="0"/>
						<line number="216" hits="0"/>
						<line number="218" hits="0"/>
						<line number="219" hits="0"/>
						<line number="220" hits="0"/>
						<line number="222" hits="0"/>
						<line number="223" hits="0" branch="true" condition-coverage="0% (0/2)" missing-branches="224,228"/>
						<line number="224" hits="0"/>
						<line number="225" hits="0"/>
						<line number="228" hits="0"/>
						<line number="230" hits="0" branch="true" condition-coverage="0% (0/2)" missing-branches="231,366"/>
						<line number="231" hits="0"/>
						<line number="237" hits="0"/>
						<line number="238" hits="0"/>
						<line number="239" hits="0"/>
						<line number="242" hits="0"/>
						<line number="243" hits="0" branch="true" condition-coverage="0% (0/2)" missing-branches="244,247"/>
						<line number="244" hits="0"/>
						<line number="247" hits="0"/>
						<line number="248" hits="0" branch="true" condition-coverage="0% (0/2)" missing-branches="249,251"/>
						<line number="249" hits="0"/>
						<line number="251" hits="0"/>
						<line number="252" hits="0"/>
						<line number="256" hits="0"/>
						<line number="262" hits="0"/>
						<line number="263" hits="0"/>
						<line number="265" hits="0" branch="true" condition-coverage="0% (0/2)" missing-branches="266,268"/>
						<line number="266" hits="0"/>
						<line number="268" hits="0"/>
						<line number="273" hits="0"/>
						<line number="278" hits="0"/>
						<line number="281" hits="0"/>
						<line number="282" hits="0"/>
						<line number="289" hits="0"/>
						<line number="294" hits="0"/>
						<line number="295" hits="0"/>
						<line number="302" hits="0"/>
						<line number="303" hits="0" branch="true" condition-coverage="0% (0/2)" missing-branches="304,333"/>
						<line number="304" hits="0"/>
						<line number="311" hits="0"/>
						<line number="312" hits="0"/>
						<line number="319" hits="0"/>
						<line number="320" hits="0"/>
						<line number="325" hits="0"/>
						<line number="326" hits="0"/>
						<line number="331" hits="0"/>
						<line number="333" hits="0"/>
						<line number="334" hits="0"/>
						<line number="337" hits="0"/>
						<line number="342" hits="0"/>
						<line number="343" hits="0"/>
						<line number="348" hits="0"/>
						<line number="353" hits="0"/>
						<line number="354" hits="0"/>
						<line number="355" hits="0"/>
						<line number="357" hits="0"/>
						<line number="358" hits="0"/>
						<line number="363" hits="0"/>
						<line number="364" hits="0"/>
						<line number="366" hits="0"/>
						<line number="369" hits="0" branch="true" condition-coverage="0% (0/2)" missing-branches="370,463"/>
						<line number="370" hits="0"/>
						<line number="374" hits="0"/>
						<line number="376" hits="0"/>
						<line number="385" hits="0" branch="true" condition-coverage="0% (0/2)" missing-branches="386,466"/>
						<line number="386" hits="0"/>
						<line number="392" hits="0"/>
						<line number="394" hits="0"/>
						<line number="395" hits="0"/>
						<line number="401" hits="0"/>
						<line number="402" hits="0"/>
						<line number="405" hits="0"/>
						<line number="407" hits="0"/>
						<line number="410" hits="0"/>
						<line number="412" hits="0"/>
[...]
						<line number="378" hits="0"/>
						<line number="387" hits="0"/>
						<line number="389" hits="0"/>
						<line number="391" hits="0"/>
						<line number="395" hits="0" branch="true" condition-coverage="0% (0/2)" missing-branches="396,398"/>
						<line number="396" hits="0"/>
						<line number="398" hits="0" branch="true" condition-coverage="0% (0/2)" missing-branches="exit,399"/>
						<line number="399" hits="0"/>
						<line number="404" hits="0"/>
						<line number="406" hits="0"/>
						<line number="409" hits="0"/>
						<line number="411" hits="0"/>
						<line number="414" hits="0"/>
						<line number="416" hits="0"/>
						<line number="419" hits="0"/>
						<line number="421" hits="0"/>
						<line number="422" hits="0"/>
						<line number="425" hits="0"/>
						<line number="427" hits="0" branch="true" condition-coverage="0% (0/2)" missing-branches="428,430"/>
						<line number="428" hits="0"/>
						<line number="430" hits="0"/>
						<line number="433" hits="0"/>
						<line number="445" hits="0"/>
						<line number="448" hits="0"/>
						<line number="450" hits="0"/>
					</lines>
				</class>
				<class name="progress_tracker.py" filename="utils/progress_tracker.py" complexity="0" line-rate="0.3721" branch-rate="0">
					<methods/>
					<lines>
						<line number="5" hits="1"/>
						<line number="6" hits="1"/>
						<line number="7" hits="1"/>
						<line number="8" hits="1"/>
						<line number="9" hits="1"/>
						<line number="10" hits="1"/>
						<line number="13" hits="1"/>
						<line number="14" hits="1"/>
						<line number="17" hits="1"/>
						<line number="18" hits="1"/>
						<line number="19" hits="1"/>
						<line number="20" hits="1"/>
						<line number="21" hits="1"/>
						<line number="22" hits="1"/>
						<line number="23" hits="1"/>
						<line number="25" hits="1"/>
						<line number="26" hits="1"/>
						<line number="28" hits="0" branch="true" condition-coverage="0% (0/2)" missing-branches="29,30"/>
						<line number="29" hits="0"/>
						<line number="30" hits="0"/>
						<line number="31" hits="0"/>
						<line number="33" hits="1"/>
						<line number="34" hits="1"/>
						<line number="36" hits="0" branch="true" condition-coverage="0% (0/2)" missing-branches="37,38"/>
						<line number="37" hits="0"/>
						<line number="38" hits="0"/>
						<line number="40" hits="1"/>
						<line number="41" hits="1"/>
						<line number="43" hits="0"/>
						<line number="44" hits="0" branch="true" condition-coverage="0% (0/2)" missing-branches="45,46"/>
						<line number="45" hits="0"/>
						<line number="46" hits="0"/>
						<line number="48" hits="1"/>
						<line number="50" hits="0"/>
						<line number="72" hits="1"/>
						<line number="75" hits="1"/>
						<line number="76" hits="0"/>
						<line number="77" hits="0"/>
						<line number="78" hits="0"/>
						<line number="79" hits="0"/>
						<line number="81" hits="1"/>
						<line number="83" hits="0"/>
						<line number="84" hits="0"/>
						<line number="86" hits="1"/>
						<line number="88" hits="0"/>
						<line number="90" hits="1"/>
						<line number="92" hits="0"/>
						<line number="93" hits="0" branch="true" condition-coverage="0% (0/2)" missing-branches="exit,94"/>
						<line number="94" hits="0"/>
						<line number="96" hits="1"/>
						<line number="98" hits="0"/>
						<line number="100" hits="1"/>
						<line number="102" hits="0"/>
						<line number="103" hits="0" branch="true" condition-coverage="0% (0/2)" missing-branches="exit,104"/>
						<line number="104" hits="0"/>
						<line number="106" hits="1"/>
						<line number="108" hits="0"/>
						<line number="109" hits="0"/>
						<line number="111" hits="0"/>
						<line number="112" hits="0"/>
						<line number="113" hits="0"/>
						<line number="114" hits="0"/>
						<line number="115" hits="0"/>
						<line number="116" hits="0"/>
						<line number="117" hits="0"/>
						<line number="118" hits="0"/>
						<line number="119" hits="0"/>
						<line number="120" hits="0" branch="true" condition-coverage="0% (0/2)" missing-branches="121,126"/>
						<line number="121" hits="0"/>
						<line number="122" hits="0" branch="true" condition-coverage="0% (0/2)" missing-branches="123,124"/>
						<line number="123" hits="0"/>
						<line number="124" hits="0" branch="true" condition-coverage="0% (0/2)" missing-branches="125,126"/>
						<line number="125" hits="0"/>
						<line number="126" hits="0"/>
						<line number="128" hits="1"/>
						<line number="130" hits="0" branch="true" condition-coverage="0% (0/2)" missing-branches="131,133"/>
						<line number="131" hits="0"/>
						<line number="133" hits="0"/>
						<line number="134" hits="0"/>
						<line number="140" hits="0"/>
						<line number="141" hits="0"/>
						<line number="143" hits="1"/>
						<line number="145" hits="0" branch="true" condition-coverage="0% (0/2)" missing-branches="146,148"/>
						<line number="146" hits="0"/>
						<line number="148" hits="0"/>
						<line number="149" hits="0"/>
					</lines>
				</class>
				<class name="relationship_scorer.py" filename="utils/relationship_scorer.py" complexity="0" line-rate="0.09016" branch-rate="0">
					<methods/>
					<lines>
						<line number="6" hits="1"/>
						<line number="7" hits="1"/>
						<line number="9" hits="1"/>
						<line number="12" hits="1"/>
						<line number="15" hits="1"/>
						<line number="16" hits="0"/>
						<line number="18" hits="0"/>
						<line number="20" hits="1"/>
						<line number="38" hits="0"/>
						<line number="41" hits="0"/>
						<line number="44" hits="0"/>
						<line number="47" hits="0"/>
						<line number="50" hits="0"/>
						<line number="53" hits="0"/>
						<line number="61" hits="0"/>
						<line number="63" hits="1"/>
						<line number="71" hits="0"/>
						<line number="72" hits="0"/>
						<line number="73" hits="0"/>
						<line number="76" hits="0"/>
						<line number="79" hits="0" branch="true" condition-coverage="0% (0/2)" missing-branches="80,83"/>
						<line number="80" hits="0"/>
						<line number="83" hits="0"/>
						<line number="85" hits="0"/>
						<line number="91" hits="0"/>
						<line number="92" hits="0"/>
						<line number="93" hits="0"/>
						<line number="96" hits="0" branch="true" condition-coverage="0% (0/2)" missing-branches="97,98"/>
						<line number="97" hits="0"/>
						<line number="98" hits="0" branch="true" condition-coverage="0% (0/2)" missing-branches="99,100"/>
						<line number="99" hits="0"/>
						<line number="100" hits="0" branch="true" condition-coverage="0% (0/2)" missing-branches="101,103"/>
						<line number="101" hits="0"/>
						<line number="103" hits="0"/>
						<line number="106" hits="0"/>
						<line number="107" hits="0"/>
						<line number="109" hits="1"/>
						<line number="118" hits="0"/>
						<line number="119" hits="0" branch="true" condition-coverage="0% (0/2)" missing-branches="120,122"/>
						<line number="120" hits="0"/>
						<line number="122" hits="0"/>
						<line number="124" hits="0" branch="true" condition-coverage="0% (0/2)" missing-branches="125,129"/>
						<line number="125" hits="0"/>
						<line number="129" hits="0"/>
						<line number="131" hits="0"/>
						<line number="134" hits="0"/>
						<line number="137" hits="0" branch="true" condition-coverage="0% (0/2)" missing-branches="138,139"/>
						<line number="138" hits="0"/>
						<line number="139" hits="0" branch="true" condition-coverage="0% (0/2)" missing-branches="140,141"/>
						<line number="140" hits="0"/>
						<line number="141" hits="0" branch="true" condition-coverage="0% (0/2)" missing-branches="142,143"/>
						<line number="142" hits="0"/>
						<line number="143" hits="0" branch="true" condition-coverage="0% (0/2)" missing-branches="144,146"/>
						<line number="144" hits="0"/>
						<line number="146" hits="0"/>
						<line number="148" hits="0"/>
						<line number="149" hits="0"/>
						<line number="151" hits="1"/>
						<line number="164" hits="0"/>
						<line number="167" hits="0" branch="true" condition-coverage="0% (0/2)" missing-branches="168,171"/>
						<line number="168" hits="0"/>
						<line number="171" hits="0"/>
						<line number="172" hits="0" branch="true" condition-coverage="0% (0/2)" missing-branches="173,176"/>
						<line number="173" hits="0"/>
						<line number="176" hits="0"/>
						<line number="177" hits="0" branch="true" condition-coverage="0% (0/2)" missing-branches="178,181"/>
						<line number="178" hits="0"/>
						<line number="181" hits="0"/>
						<line number="183" hits="1"/>
						<line number="195" hits="0"/>
						<line number="196" hits="0"/>
						<line number="199" hits="0"/>
						<line number="200" hits="0" branch="true" condition-coverage="0% (0/2)" missing-branches="201,202"/>
						<line number="201" hits="0"/>
						<line number="202" hits="0" branch="true" condition-coverage="0% (0/2)" missing-branches="203,204"/>
						<line number="203" hits="0"/>
						<line number="204" hits="0" branch="true" condition-coverage="0% (0/2)" missing-branches="205,207"/>
						<line number="205" hits="0"/>
						<line number="207" hits="0"/>
						<line number="210" hits="0"/>
						<line number="211" hits="0" branch="true" condition-coverage="0% (0/2)" missing-branches="212,215"/>
						<line number="212" hits="0"/>
						<line number="215" hits="0"/>
						<line number="223" hits="0"/>
						<line number="224" hits="0"/>
						<line number="225" hits="0"/>
						<line number="227" hits="0"/>
						<line number="229" hits="1"/>
						<line number="240" hits="0"/>
						<line number="242" hits="0"/>
						<line number="244" hits="0" branch="true" condition-coverage="0% (0/2)" missing-branches="245,252"/>
						<line number="245" hits="0"/>
						<line number="250" hits="0"/>
						<line number="252" hits="0"/>
						<line number="256" hits="0"/>
						<line number="258" hits="0"/>
						<line number="260" hits="0" branch="true" condition-coverage="0% (0/2)" missing-branches="261,264"/>
						<line number="261" hits="0"/>
						<line number="262" hits="0"/>
						<line number="264" hits="0"/>
						<line number="266" hits="0" branch="true" condition-coverage="0% (0/2)" missing-branches="267,275"/>
						<line number="267" hits="0"/>
						<line number="273" hits="0"/>
						<line number="275" hits="0"/>
						<line number="280" hits="0"/>
						<line number="282" hits="0"/>
						<line number="283" hits="0"/>
						<line number="284" hits="0"/>
						<line number="288" hits="0" branch="true" condition-coverage="0% (0/2)" missing-branches="289,339"/>
						<line number="289" hits="0"/>
						<line number="298" hits="0"/>
						<line number="308" hits="0"/>
						<line number="309" hits="0"/>
						<line number="312" hits="0"/>
						<line number="318" hits="0"/>
						<line number="326" hits="0"/>
						<line number="327" hits="0"/>
						<line number="330" hits="0" branch="true" condition-coverage="0% (0/2)" missing-branches="288,334"/>
						<line number="334" hits="0"/>
						<line number="335" hits="0"/>
						<line number="339" hits="0"/>
						<line number="341" hits="0"/>
					</lines>
				</class>
				<class name="retry.py" filename="utils/retry.py" complexity="0" line-rate="0.2857" branch-rate="0">
					<methods/>
					<lines>
						<line number="5" hits="1"/>
						<line number="6" hits="1"/>
						<line number="7" hits="1"/>
						<line number="8" hits="1"/>
						<line number="9" hits="1"/>
						<line number="11" hits="1"/>
						<line number="13" hits="1"/>
						<line number="16" hits="1"/>
						<line number="36" hits="0"/>
						<line number="37" hits="0"/>
						<line number="38" hits="0"/>
						<line number="39" hits="0"/>
						<line number="41" hits="0" branch="true" condition-coverage="0% (0/2)" missing-branches="42,66"/>
						<line number="42" hits="0"/>
						<line number="43" hits="0"/>
						<line number="44" hits="0"/>
						<line number="45" hits="0" branch="true" condition-coverage="0% (0/2)" missing-branches="46,52"/>
						<line number="46" hits="0"/>
						<line number="49" hits="0"/>
						<line number="52" hits="0"/>
						<line number="55" hits="0" branch="true" condition-coverage="0% (0/2)" missing-branches="56,59"/>
						<line number="56" hits="0"/>
						<line number="57" hits="0"/>
						<line number="59" hits="0"/>
						<line number="63" hits="0"/>
						<line number="66" hits="0"/>
						<line number="70" hits="0"/>
						<line number="72" hits="0"/>
					</lines>
				</class>
				<class name="security.py" filename="utils/security.py" complexity="0" line-rate="0.4382" branch-rate="0.1071">
					<methods/>
					<lines>
						<line number="6" hits="1"/>
						<line number="7" hits="1"/>
						<line number="8" hits="1"/>
						<line number="10" hits="1"/>
						<line number="11" hits="1"/>
						<line number="12" hits="1"/>
						<line number="13" hits="1"/>
						<line number="18" hits="1"/>
						<line number="19" hits="1"/>
						<line number="21" hits="1"/>
						<line number="22" hits="0"/>
						<line number="23" hits="0"/>
						<line number="27" hits="1"/>
						<line number="31" hits="1"/>
						<line number="36" hits="1"/>
						<line number="38" hits="1" branch="true" condition-coverage="50% (1/2)" missing-branches="40"/>
						<line number="40" hits="0" branch="true" condition-coverage="0% (0/2)" missing-branches="41,59"/>
						<line number="41" hits="0"/>
						<line number="46" hits="1" branch="true" condition-coverage="50% (1/2)" missing-branches="59"/>
						<line number="48" hits="1"/>
						<line number="50" hits="1"/>
						<line number="51" hits="1"/>
						<line number="59" hits="1"/>
						<line number="60" hits="1"/>
						<line number="61" hits="1"/>
						<line number="65" hits="1" branch="true" condition-coverage="50% (1/2)" missing-branches="66"/>
						<line number="66" hits="0"/>
						<line number="68" hits="0"/>
						<line number="71" hits="0" branch="true" condition-coverage="0% (0/2)" missing-branches="72,73"/>
						<line number="72" hits="0"/>
						<line number="73" hits="0"/>
						<line number="77" hits="1"/>
						<line number="102" hits="1"/>
						<line number="104" hits="1"/>
						<line number="107" hits="1"/>
						<line number="112" hits="1"/>
						<line number="113" hits="1"/>
						<line number="114" hits="1"/>
						<line number="121" hits="1"/>
						<line number="122" hits="1"/>
						<line number="196" hits="1"/>
						<line number="212" hits="0"/>
						<line number="214" hits="0" branch="true" condition-coverage="0% (0/2)" missing-branches="215,217"/>
						<line number="215" hits="0"/>
						<line number="217" hits="0"/>
						<line number="219" hits="0"/>
						<line number="220" hits="0"/>
						<line number="222" hits="0"/>
						<line number="225" hits="1"/>
						<line number="238" hits="0"/>
						<line number="239" hits="0"/>
						<line number="240" hits="0"/>
						<line number="241" hits="0"/>
						<line number="242" hits="0"/>
						<line number="249" hits="1"/>
						<line number="270" hits="0"/>
						<line number="271" hits="0"/>
						<line number="274" hits="1"/>
						<line number="284" hits="0" branch="true" condition-coverage="0% (0/2)" missing-branches="286,288"/>
						<line number="286" hits="0"/>
						<line number="288" hits="0"/>
						<line number="291" hits="1"/>
						<line number="313" hits="0" branch="true" condition-coverage="0% (0/2)" missing-branches="314,316"/>
						<line number="314" hits="0"/>
						<line number="316" hits="0" branch="true" condition-coverage="0% (0/2)" missing-branches="317,319"/>
						<line number="317" hits="0"/>
						<line number="319" hits="0"/>
						<line number="320" hits="0"/>
						<line number="321" hits="0"/>
						<line number="322" hits="0"/>
						<line number="325" hits="1"/>
						<line number="343" hits="0"/>
						<line number="344" hits="0" branch="true" condition-coverage="0% (0/2)" missing-branches="345,346"/>
						<line number="345" hits="0"/>
						<line number="346" hits="0"/>
						<line number="349" hits="1"/>
						<line number="367" hits="0" branch="true" condition-coverage="0% (0/2)" missing-branches="368,371"/>
						<line number="368" hits="0"/>
						<line number="371" hits="0"/>
						<line number="372" hits="0"/>
						<line number="374" hits="0" branch="true" condition-coverage="0% (0/2)" missing-branches="375,376"/>
						<line number="375" hits="0"/>
						<line number="376" hits="0" branch="true" condition-coverage="0% (0/2)" missing-branches="377,378"/>
						<line number="377" hits="0"/>
						<line number="378" hits="0" branch="true" condition-coverage="0% (0/2)" missing-branches="379,381"/>
						<line number="379" hits="0"/>
						<line number="381" hits="0"/>
						<line number="385" hits="1"/>
						<line number="400" hits="0"/>
					</lines>
				</class>
				<class name="temporal_analyzer.py" filename="utils/temporal_analyzer.py" complexity="0" line-rate="0.1618" branch-rate="0">
					<methods/>
					<lines>
						<line number="6" hits="1"/>
						<line number="7" hits="1"/>
						<line number="9" hits="1"/>
						<line number="12" hits="1"/>
						<line number="15" hits="1"/>
						<line number="16" hits="0"/>
						<line number="18" hits="1"/>
						<line number="32" hits="0"/>
						<line number="34" hits="0"/>
						<line number="43" hits="0"/>
						<line number="44" hits="0"/>
						<line number="50" hits="0"/>
						<line number="51" hits="0"/>
						<line number="52" hits="0"/>
						<line number="53" hits="0"/>
						<line number="55" hits="1"/>
						<line number="69" hits="0"/>
						<line number="70" hits="0"/>
						<line number="79" hits="0"/>
						<line number="83" hits="0"/>
						<line number="84" hits="0" branch="true" condition-coverage="0% (0/2)" missing-branches="85,94"/>
						<line number="85" hits="0"/>
						<line number="94" hits="0"/>
						<line number="96" hits="1"/>
						<line number="109" hits="0"/>
						<line number="110" hits="0"/>
						<line number="121" hits="0"/>
						<line number="123" hits="0"/>
						<line number="124" hits="0" branch="true" condition-coverage="0% (0/2)" missing-branches="125,137"/>
						<line number="125" hits="0"/>
						<line number="137" hits="0"/>
						<line number="139" hits="1"/>
						<line number="150" hits="0"/>
						<line number="151" hits="0"/>
						<line number="152" hits="0"/>
						<line number="155" hits="0"/>
						<line number="166" hits="0"/>
						<line number="170" hits="0"/>
						<line number="171" hits="0"/>
						<line number="173" hits="0" branch="true" condition-coverage="0% (0/2)" missing-branches="174,194"/>
						<line number="174" hits="0"/>
						<line number="175" hits="0" branch="true" condition-coverage="0% (0/2)" missing-branches="173,176"/>
						<line number="176" hits="0"/>
						<line number="177" hits="0"/>
						<line number="178" hits="0"/>
						<line number="180" hits="0" branch="true" condition-coverage="0% (0/2)" missing-branches="181,182"/>
						<line number="181" hits="0"/>
						<line number="182" hits="0"/>
						<line number="184" hits="0"/>
						<line number="191" hits="0"/>
						<line number="192" hits="0"/>
						<line number="194" hits="0"/>
						<line number="202" hits="1"/>
						<line number="212" hits="0"/>
						<line number="213" hits="0"/>
						<line number="221" hits="0"/>
						<line number="223" hits="0"/>
						<line number="224" hits="0" branch="true" condition-coverage="0% (0/2)" missing-branches="225,234"/>
						<line number="225" hits="0"/>
						<line number="234" hits="0"/>
						<line number="236" hits="1"/>
						<line number="249" hits="0"/>
						<line number="250" hits="0"/>
						<line number="259" hits="0"/>
						<line number="261" hits="0"/>
						<line number="262" hits="0" branch="true" condition-coverage="0% (0/2)" missing-branches="263,271"/>
						<line number="263" hits="0"/>
						<line number="271" hits="0"/>
					</lines>
				</class>
			</classes>
		</package>
	</packages>
</coverage>
